20240730-11:01:38 Train Epoch: 1/77 ...
20240730-11:04:56     total_loss: 19.3259 time: 3m 17s
20240730-11:04:56 Test Epoch: 1 ...
20240730-11:05:15     ave: 93.2500
20240730-11:05:15 Saving checkpoint: 1
20240730-11:05:15 Train Epoch: 2/77 ...
20240730-11:08:33     total_loss: 13.3891 time: 3m 17s
20240730-11:08:33 Test Epoch: 2 ...
20240730-11:08:53     ave: 94.9833
20240730-11:08:53 Saving checkpoint: 2
20240730-11:08:53 Train Epoch: 3/77 ...
20240730-11:12:10     total_loss: 11.6645 time: 3m 17s
20240730-11:12:10 Test Epoch: 3 ...
20240730-11:12:30     ave: 96.4167
20240730-11:12:30 Saving checkpoint: 3
20240730-11:12:30 Train Epoch: 4/77 ...
20240730-11:15:46     total_loss: 10.7688 time: 3m 17s
20240730-11:15:46 Test Epoch: 4 ...
20240730-11:16:06     ave: 96.3333
20240730-11:16:06 Saving checkpoint: 4
20240730-11:16:06 Train Epoch: 5/77 ...
20240730-11:19:24     total_loss: 10.1928 time: 3m 18s
20240730-11:19:24 Test Epoch: 5 ...
20240730-11:19:44     ave: 97.1500
20240730-11:19:44 Saving checkpoint: 5
20240730-11:19:44 Train Epoch: 6/77 ...
20240730-11:23:02     total_loss: 9.7815 time: 3m 18s
20240730-11:23:02 Test Epoch: 6 ...
20240730-11:23:22     ave: 97.8000
20240730-11:23:22 Saving checkpoint: 6
20240730-11:23:22 Train Epoch: 7/77 ...
20240730-11:26:39     total_loss: 9.4695 time: 3m 17s
20240730-11:26:39 Test Epoch: 7 ...
20240730-11:26:59     ave: 97.9667
20240730-11:26:59 Saving checkpoint: 7
20240730-11:26:59 Train Epoch: 8/77 ...
20240730-11:30:16     total_loss: 9.2239 time: 3m 17s
20240730-11:30:16 Test Epoch: 8 ...
20240730-11:30:36     ave: 98.1500
20240730-11:30:36 Saving checkpoint: 8
20240730-11:30:36 Train Epoch: 9/77 ...
20240730-11:33:53     total_loss: 9.0181 time: 3m 17s
20240730-11:33:53 Test Epoch: 9 ...
20240730-11:34:13     ave: 98.3667
20240730-11:34:13 Saving checkpoint: 9
20240730-11:34:13 Train Epoch: 10/77 ...
20240730-11:37:30     total_loss: 8.8451 time: 3m 17s
20240730-11:37:30 Test Epoch: 10 ...
20240730-11:37:50     ave: 98.1333
20240730-11:37:50 Saving checkpoint: 10
20240730-11:37:50 Train Epoch: 11/77 ...
20240730-11:41:07     total_loss: 8.6976 time: 3m 17s
20240730-11:41:07 Test Epoch: 11 ...
20240730-11:41:27     ave: 98.3167
20240730-11:41:27 Saving checkpoint: 11
20240730-11:41:27 Train Epoch: 12/77 ...
20240730-11:44:44     total_loss: 8.5600 time: 3m 17s
20240730-11:44:44 Test Epoch: 12 ...
20240730-11:45:04     ave: 98.5333
20240730-11:45:04 Saving checkpoint: 12
20240730-11:45:04 Train Epoch: 13/77 ...
20240730-11:48:22     total_loss: 8.4388 time: 3m 17s
20240730-11:48:22 Test Epoch: 13 ...
20240730-11:48:41     ave: 98.4000
20240730-11:48:41 Saving checkpoint: 13
20240730-11:48:41 Train Epoch: 14/77 ...
20240730-11:51:59     total_loss: 8.3344 time: 3m 18s
20240730-11:51:59 Test Epoch: 14 ...
20240730-11:52:19     ave: 98.4000
20240730-11:52:19 Saving checkpoint: 14
20240730-11:52:19 Train Epoch: 15/77 ...
