20240729-01:36:20 Train Epoch: 70/80 ...
20240729-01:36:21 training: 512 / 105000
20240729-01:36:21 training: 1024 / 105000
20240729-01:36:22 training: 1536 / 105000
20240729-01:36:22 training: 2048 / 105000
20240729-01:36:22 training: 2560 / 105000
20240729-01:36:22 training: 3072 / 105000
20240729-01:36:22 training: 3584 / 105000
20240729-01:36:22 training: 4096 / 105000
20240729-01:36:23 training: 4608 / 105000
20240729-01:36:23 training: 5120 / 105000
20240729-01:36:23 training: 5632 / 105000
20240729-01:36:23 training: 6144 / 105000
20240729-01:36:23 training: 6656 / 105000
20240729-01:36:24 training: 7168 / 105000
20240729-01:36:24 training: 7680 / 105000
20240729-01:36:24 training: 8192 / 105000
20240729-01:36:24 training: 8704 / 105000
20240729-01:36:24 training: 9216 / 105000
20240729-01:36:24 training: 9728 / 105000
20240729-01:36:25 training: 10240 / 105000
20240729-01:36:25 training: 10752 / 105000
20240729-01:36:25 training: 11264 / 105000
20240729-01:36:25 training: 11776 / 105000
20240729-01:36:25 training: 12288 / 105000
20240729-01:36:26 training: 12800 / 105000
20240729-01:36:26 training: 13312 / 105000
20240729-01:36:26 training: 13824 / 105000
20240729-01:36:26 training: 14336 / 105000
20240729-01:36:26 training: 14848 / 105000
20240729-01:36:26 training: 15360 / 105000
20240729-01:36:27 training: 15872 / 105000
20240729-01:36:27 training: 16384 / 105000
20240729-01:36:27 training: 16896 / 105000
20240729-01:36:27 training: 17408 / 105000
20240729-01:36:27 training: 17920 / 105000
20240729-01:36:28 training: 18432 / 105000
20240729-01:36:28 training: 18944 / 105000
20240729-01:36:28 training: 19456 / 105000
20240729-01:36:28 training: 19968 / 105000
20240729-01:36:28 training: 20480 / 105000
20240729-01:36:28 training: 20992 / 105000
20240729-01:36:29 training: 21504 / 105000
20240729-01:36:29 training: 22016 / 105000
20240729-01:36:29 training: 22528 / 105000
20240729-01:36:29 training: 23040 / 105000
20240729-01:36:29 training: 23552 / 105000
20240729-01:36:30 training: 24064 / 105000
20240729-01:36:30 training: 24576 / 105000
20240729-01:36:30 training: 25088 / 105000
20240729-01:36:30 training: 25600 / 105000
20240729-01:36:30 training: 26112 / 105000
20240729-01:36:30 training: 26624 / 105000
20240729-01:36:31 training: 27136 / 105000
20240729-01:36:31 training: 27648 / 105000
20240729-01:36:31 training: 28160 / 105000
20240729-01:36:31 training: 28672 / 105000
20240729-01:36:31 training: 29184 / 105000
20240729-01:36:32 training: 29696 / 105000
20240729-01:36:32 training: 30208 / 105000
20240729-01:36:32 training: 30720 / 105000
20240729-01:36:32 training: 31232 / 105000
20240729-01:36:32 training: 31744 / 105000
20240729-01:36:32 training: 32256 / 105000
20240729-01:36:33 training: 32768 / 105000
20240729-01:36:33 training: 33280 / 105000
20240729-01:36:33 training: 33792 / 105000
20240729-01:36:33 training: 34304 / 105000
20240729-01:36:33 training: 34816 / 105000
20240729-01:36:34 training: 35328 / 105000
20240729-01:36:34 training: 35840 / 105000
20240729-01:36:34 training: 36352 / 105000
20240729-01:36:34 training: 36864 / 105000
20240729-01:36:34 training: 37376 / 105000
20240729-01:36:35 training: 37888 / 105000
20240729-01:36:35 training: 38400 / 105000
20240729-01:36:35 training: 38912 / 105000
20240729-01:36:35 training: 39424 / 105000
20240729-01:36:35 training: 39936 / 105000
20240729-01:36:35 training: 40448 / 105000
20240729-01:36:36 training: 40960 / 105000
20240729-01:36:36 training: 41472 / 105000
20240729-01:36:36 training: 41984 / 105000
20240729-01:36:36 training: 42496 / 105000
20240729-01:36:36 training: 43008 / 105000
20240729-01:36:37 training: 43520 / 105000
20240729-01:36:37 training: 44032 / 105000
20240729-01:36:37 training: 44544 / 105000
20240729-01:36:37 training: 45056 / 105000
20240729-01:36:37 training: 45568 / 105000
20240729-01:36:37 training: 46080 / 105000
20240729-01:36:38 training: 46592 / 105000
20240729-01:36:38 training: 47104 / 105000
20240729-01:36:38 training: 47616 / 105000
20240729-01:36:38 training: 48128 / 105000
20240729-01:36:38 training: 48640 / 105000
20240729-01:36:39 training: 49152 / 105000
20240729-01:36:39 training: 49664 / 105000
20240729-01:36:39 training: 50176 / 105000
20240729-01:36:39 training: 50688 / 105000
20240729-01:36:39 training: 51200 / 105000
20240729-01:36:39 training: 51712 / 105000
20240729-01:36:40 training: 52224 / 105000
20240729-01:36:40 training: 52736 / 105000
20240729-01:36:40 training: 53248 / 105000
20240729-01:36:40 training: 53760 / 105000
20240729-01:36:40 training: 54272 / 105000
20240729-01:36:41 training: 54784 / 105000
20240729-01:36:41 training: 55296 / 105000
20240729-01:36:41 training: 55808 / 105000
20240729-01:36:41 training: 56320 / 105000
20240729-01:36:41 training: 56832 / 105000
20240729-01:36:41 training: 57344 / 105000
20240729-01:36:42 training: 57856 / 105000
20240729-01:36:42 training: 58368 / 105000
20240729-01:36:42 training: 58880 / 105000
20240729-01:36:42 training: 59392 / 105000
20240729-01:36:42 training: 59904 / 105000
20240729-01:36:43 training: 60416 / 105000
20240729-01:36:43 training: 60928 / 105000
20240729-01:36:43 training: 61440 / 105000
20240729-01:36:43 training: 61952 / 105000
20240729-01:36:43 training: 62464 / 105000
20240729-01:36:44 training: 62976 / 105000
20240729-01:36:44 training: 63488 / 105000
20240729-01:36:44 training: 64000 / 105000
20240729-01:36:44 training: 64512 / 105000
20240729-01:36:44 training: 65024 / 105000
20240729-01:36:44 training: 65536 / 105000
20240729-01:36:45 training: 66048 / 105000
20240729-01:36:45 training: 66560 / 105000
20240729-01:36:45 training: 67072 / 105000
20240729-01:36:45 training: 67584 / 105000
20240729-01:36:45 training: 68096 / 105000
20240729-01:36:46 training: 68608 / 105000
20240729-01:36:46 training: 69120 / 105000
20240729-01:36:46 training: 69632 / 105000
20240729-01:36:46 training: 70144 / 105000
20240729-01:36:46 training: 70656 / 105000
20240729-01:36:46 training: 71168 / 105000
20240729-01:36:47 training: 71680 / 105000
20240729-01:36:47 training: 72192 / 105000
20240729-01:36:47 training: 72704 / 105000
20240729-01:36:47 training: 73216 / 105000
20240729-01:36:47 training: 73728 / 105000
20240729-01:36:48 training: 74240 / 105000
20240729-01:36:48 training: 74752 / 105000
20240729-01:36:48 training: 75264 / 105000
20240729-01:36:48 training: 75776 / 105000
20240729-01:36:48 training: 76288 / 105000
20240729-01:36:48 training: 76800 / 105000
20240729-01:36:49 training: 77312 / 105000
20240729-01:36:49 training: 77824 / 105000
20240729-01:36:49 training: 78336 / 105000
20240729-01:36:49 training: 78848 / 105000
20240729-01:36:49 training: 79360 / 105000
20240729-01:36:50 training: 79872 / 105000
20240729-01:36:50 training: 80384 / 105000
20240729-01:36:50 training: 80896 / 105000
20240729-01:36:50 training: 81408 / 105000
20240729-01:36:50 training: 81920 / 105000
20240729-01:36:50 training: 82432 / 105000
20240729-01:36:51 training: 82944 / 105000
20240729-01:36:51 training: 83456 / 105000
20240729-01:36:51 training: 83968 / 105000
20240729-01:36:51 training: 84480 / 105000
20240729-01:36:51 training: 84992 / 105000
20240729-01:36:52 training: 85504 / 105000
20240729-01:36:52 training: 86016 / 105000
20240729-01:36:52 training: 86528 / 105000
20240729-01:36:52 training: 87040 / 105000
20240729-01:36:52 training: 87552 / 105000
20240729-01:36:52 training: 88064 / 105000
20240729-01:36:53 training: 88576 / 105000
20240729-01:36:53 training: 89088 / 105000
20240729-01:36:53 training: 89600 / 105000
20240729-01:36:53 training: 90112 / 105000
20240729-01:36:53 training: 90624 / 105000
20240729-01:36:54 training: 91136 / 105000
20240729-01:36:54 training: 91648 / 105000
20240729-01:36:54 training: 92160 / 105000
20240729-01:36:54 training: 92672 / 105000
20240729-01:36:54 training: 93184 / 105000
20240729-01:36:54 training: 93696 / 105000
20240729-01:36:55 training: 94208 / 105000
20240729-01:36:55 training: 94720 / 105000
20240729-01:36:55 training: 95232 / 105000
20240729-01:36:55 training: 95744 / 105000
20240729-01:36:55 training: 96256 / 105000
20240729-01:36:56 training: 96768 / 105000
20240729-01:36:56 training: 97280 / 105000
20240729-01:36:56 training: 97792 / 105000
20240729-01:36:56 training: 98304 / 105000
20240729-01:36:56 training: 98816 / 105000
20240729-01:36:56 training: 99328 / 105000
20240729-01:36:57 training: 99840 / 105000
20240729-01:36:57 training: 100352 / 105000
20240729-01:36:57 training: 100864 / 105000
20240729-01:36:57 training: 101376 / 105000
20240729-01:36:57 training: 101888 / 105000
20240729-01:36:58 training: 102400 / 105000
20240729-01:36:58 training: 102912 / 105000
20240729-01:36:58 training: 103424 / 105000
20240729-01:36:58 training: 103936 / 105000
20240729-01:36:58 training: 104448 / 105000
20240729-01:36:59 training: 104960 / 105000
20240729-01:36:59 training: 105000 / 105000
20240729-01:36:59     total_loss: 20.4056 time: 0m 39s
20240729-01:36:59 Test Epoch: 70 ...
20240729-01:37:22     ave: 99.1833
20240729-01:37:22 Saving checkpoint: 70
20240729-01:37:22 Train Epoch: 71/80 ...
20240729-01:37:23 training: 512 / 105000
20240729-01:37:23 training: 1024 / 105000
20240729-01:37:24 training: 1536 / 105000
20240729-01:37:24 training: 2048 / 105000
20240729-01:37:24 training: 2560 / 105000
20240729-01:37:24 training: 3072 / 105000
20240729-01:37:24 training: 3584 / 105000
20240729-01:37:25 training: 4096 / 105000
20240729-01:37:25 training: 4608 / 105000
20240729-01:37:25 training: 5120 / 105000
20240729-01:37:25 training: 5632 / 105000
20240729-01:37:25 training: 6144 / 105000
20240729-01:37:25 training: 6656 / 105000
20240729-01:37:26 training: 7168 / 105000
20240729-01:37:26 training: 7680 / 105000
20240729-01:37:26 training: 8192 / 105000
20240729-01:37:26 training: 8704 / 105000
20240729-01:37:26 training: 9216 / 105000
20240729-01:37:26 training: 9728 / 105000
20240729-01:37:27 training: 10240 / 105000
20240729-01:37:27 training: 10752 / 105000
20240729-01:37:27 training: 11264 / 105000
20240729-01:37:27 training: 11776 / 105000
20240729-01:37:27 training: 12288 / 105000
20240729-01:37:28 training: 12800 / 105000
20240729-01:37:28 training: 13312 / 105000
20240729-01:37:28 training: 13824 / 105000
20240729-01:37:28 training: 14336 / 105000
20240729-01:37:28 training: 14848 / 105000
20240729-01:37:28 training: 15360 / 105000
20240729-01:37:29 training: 15872 / 105000
20240729-01:37:29 training: 16384 / 105000
20240729-01:37:29 training: 16896 / 105000
20240729-01:37:29 training: 17408 / 105000
20240729-01:37:29 training: 17920 / 105000
20240729-01:37:30 training: 18432 / 105000
20240729-01:37:30 training: 18944 / 105000
20240729-01:37:30 training: 19456 / 105000
20240729-01:37:30 training: 19968 / 105000
20240729-01:37:30 training: 20480 / 105000
20240729-01:37:30 training: 20992 / 105000
20240729-01:37:31 training: 21504 / 105000
20240729-01:37:31 training: 22016 / 105000
20240729-01:37:31 training: 22528 / 105000
20240729-01:37:31 training: 23040 / 105000
20240729-01:37:31 training: 23552 / 105000
20240729-01:37:32 training: 24064 / 105000
20240729-01:37:32 training: 24576 / 105000
20240729-01:37:32 training: 25088 / 105000
20240729-01:37:32 training: 25600 / 105000
20240729-01:37:32 training: 26112 / 105000
20240729-01:37:32 training: 26624 / 105000
20240729-01:37:33 training: 27136 / 105000
20240729-01:37:33 training: 27648 / 105000
20240729-01:37:33 training: 28160 / 105000
20240729-01:37:33 training: 28672 / 105000
20240729-01:37:33 training: 29184 / 105000
20240729-01:37:34 training: 29696 / 105000
20240729-01:37:34 training: 30208 / 105000
20240729-01:37:34 training: 30720 / 105000
20240729-01:37:34 training: 31232 / 105000
20240729-01:37:34 training: 31744 / 105000
20240729-01:37:34 training: 32256 / 105000
20240729-01:37:35 training: 32768 / 105000
20240729-01:37:35 training: 33280 / 105000
20240729-01:37:35 training: 33792 / 105000
20240729-01:37:35 training: 34304 / 105000
20240729-01:37:35 training: 34816 / 105000
20240729-01:37:36 training: 35328 / 105000
20240729-01:37:36 training: 35840 / 105000
20240729-01:37:36 training: 36352 / 105000
20240729-01:37:36 training: 36864 / 105000
20240729-01:37:36 training: 37376 / 105000
20240729-01:37:36 training: 37888 / 105000
20240729-01:37:37 training: 38400 / 105000
20240729-01:37:37 training: 38912 / 105000
20240729-01:37:37 training: 39424 / 105000
20240729-01:37:37 training: 39936 / 105000
20240729-01:37:37 training: 40448 / 105000
20240729-01:37:38 training: 40960 / 105000
20240729-01:37:38 training: 41472 / 105000
20240729-01:37:38 training: 41984 / 105000
20240729-01:37:38 training: 42496 / 105000
20240729-01:37:38 training: 43008 / 105000
20240729-01:37:38 training: 43520 / 105000
20240729-01:37:39 training: 44032 / 105000
20240729-01:37:39 training: 44544 / 105000
20240729-01:37:39 training: 45056 / 105000
20240729-01:37:39 training: 45568 / 105000
20240729-01:37:39 training: 46080 / 105000
20240729-01:37:40 training: 46592 / 105000
20240729-01:37:40 training: 47104 / 105000
20240729-01:37:40 training: 47616 / 105000
20240729-01:37:40 training: 48128 / 105000
20240729-01:37:40 training: 48640 / 105000
20240729-01:37:40 training: 49152 / 105000
20240729-01:37:41 training: 49664 / 105000
20240729-01:37:41 training: 50176 / 105000
20240729-01:37:41 training: 50688 / 105000
20240729-01:37:41 training: 51200 / 105000
20240729-01:37:41 training: 51712 / 105000
20240729-01:37:42 training: 52224 / 105000
20240729-01:37:42 training: 52736 / 105000
20240729-01:37:42 training: 53248 / 105000
20240729-01:37:42 training: 53760 / 105000
20240729-01:37:42 training: 54272 / 105000
20240729-01:37:42 training: 54784 / 105000
20240729-01:37:43 training: 55296 / 105000
20240729-01:37:43 training: 55808 / 105000
20240729-01:37:43 training: 56320 / 105000
20240729-01:37:43 training: 56832 / 105000
20240729-01:37:43 training: 57344 / 105000
20240729-01:37:44 training: 57856 / 105000
20240729-01:37:44 training: 58368 / 105000
20240729-01:37:44 training: 58880 / 105000
20240729-01:37:44 training: 59392 / 105000
20240729-01:37:44 training: 59904 / 105000
20240729-01:37:44 training: 60416 / 105000
20240729-01:37:45 training: 60928 / 105000
20240729-01:37:45 training: 61440 / 105000
20240729-01:37:45 training: 61952 / 105000
20240729-01:37:45 training: 62464 / 105000
20240729-01:37:45 training: 62976 / 105000
20240729-01:37:46 training: 63488 / 105000
20240729-01:37:46 training: 64000 / 105000
20240729-01:37:46 training: 64512 / 105000
20240729-01:37:46 training: 65024 / 105000
20240729-01:37:46 training: 65536 / 105000
20240729-01:37:46 training: 66048 / 105000
20240729-01:37:47 training: 66560 / 105000
20240729-01:37:47 training: 67072 / 105000
20240729-01:37:47 training: 67584 / 105000
20240729-01:37:47 training: 68096 / 105000
20240729-01:37:47 training: 68608 / 105000
20240729-01:37:48 training: 69120 / 105000
20240729-01:37:48 training: 69632 / 105000
20240729-01:37:48 training: 70144 / 105000
20240729-01:37:48 training: 70656 / 105000
20240729-01:37:48 training: 71168 / 105000
20240729-01:37:48 training: 71680 / 105000
20240729-01:37:49 training: 72192 / 105000
20240729-01:37:49 training: 72704 / 105000
20240729-01:37:49 training: 73216 / 105000
20240729-01:37:49 training: 73728 / 105000
20240729-01:37:49 training: 74240 / 105000
20240729-01:37:50 training: 74752 / 105000
20240729-01:37:50 training: 75264 / 105000
20240729-01:37:50 training: 75776 / 105000
20240729-01:37:50 training: 76288 / 105000
20240729-01:37:50 training: 76800 / 105000
20240729-01:37:51 training: 77312 / 105000
20240729-01:37:51 training: 77824 / 105000
20240729-01:37:51 training: 78336 / 105000
20240729-01:37:51 training: 78848 / 105000
20240729-01:37:51 training: 79360 / 105000
20240729-01:37:51 training: 79872 / 105000
20240729-01:37:52 training: 80384 / 105000
20240729-01:37:52 training: 80896 / 105000
20240729-01:37:52 training: 81408 / 105000
20240729-01:37:52 training: 81920 / 105000
20240729-01:37:52 training: 82432 / 105000
20240729-01:37:53 training: 82944 / 105000
20240729-01:37:53 training: 83456 / 105000
20240729-01:37:53 training: 83968 / 105000
20240729-01:37:53 training: 84480 / 105000
20240729-01:37:53 training: 84992 / 105000
20240729-01:37:53 training: 85504 / 105000
20240729-01:37:54 training: 86016 / 105000
20240729-01:37:54 training: 86528 / 105000
20240729-01:37:54 training: 87040 / 105000
20240729-01:37:54 training: 87552 / 105000
20240729-01:37:54 training: 88064 / 105000
20240729-01:37:55 training: 88576 / 105000
20240729-01:37:55 training: 89088 / 105000
20240729-01:37:55 training: 89600 / 105000
20240729-01:37:55 training: 90112 / 105000
20240729-01:37:55 training: 90624 / 105000
20240729-01:37:55 training: 91136 / 105000
20240729-01:37:56 training: 91648 / 105000
20240729-01:37:56 training: 92160 / 105000
20240729-01:37:56 training: 92672 / 105000
20240729-01:37:56 training: 93184 / 105000
20240729-01:37:56 training: 93696 / 105000
20240729-01:37:57 training: 94208 / 105000
20240729-01:37:57 training: 94720 / 105000
20240729-01:37:57 training: 95232 / 105000
20240729-01:37:57 training: 95744 / 105000
20240729-01:37:57 training: 96256 / 105000
20240729-01:37:57 training: 96768 / 105000
20240729-01:37:58 training: 97280 / 105000
20240729-01:37:58 training: 97792 / 105000
20240729-01:37:58 training: 98304 / 105000
20240729-01:37:58 training: 98816 / 105000
20240729-01:37:58 training: 99328 / 105000
20240729-01:37:59 training: 99840 / 105000
20240729-01:37:59 training: 100352 / 105000
20240729-01:37:59 training: 100864 / 105000
20240729-01:37:59 training: 101376 / 105000
20240729-01:37:59 training: 101888 / 105000
20240729-01:37:59 training: 102400 / 105000
20240729-01:38:00 training: 102912 / 105000
20240729-01:38:00 training: 103424 / 105000
20240729-01:38:00 training: 103936 / 105000
20240729-01:38:00 training: 104448 / 105000
20240729-01:38:00 training: 104960 / 105000
20240729-01:38:00 training: 105000 / 105000
20240729-01:38:00     total_loss: 12.9808 time: 0m 38s
20240729-01:38:00 Saving checkpoint: 71
20240729-01:38:01 Train Epoch: 72/80 ...
20240729-01:38:02 training: 512 / 105000
20240729-01:38:02 training: 1024 / 105000
20240729-01:38:02 training: 1536 / 105000
20240729-01:38:02 training: 2048 / 105000
20240729-01:38:02 training: 2560 / 105000
20240729-01:38:02 training: 3072 / 105000
20240729-01:38:03 training: 3584 / 105000
20240729-01:38:03 training: 4096 / 105000
20240729-01:38:03 training: 4608 / 105000
20240729-01:38:03 training: 5120 / 105000
20240729-01:38:03 training: 5632 / 105000
20240729-01:38:04 training: 6144 / 105000
20240729-01:38:04 training: 6656 / 105000
20240729-01:38:04 training: 7168 / 105000
20240729-01:38:04 training: 7680 / 105000
20240729-01:38:04 training: 8192 / 105000
20240729-01:38:04 training: 8704 / 105000
20240729-01:38:05 training: 9216 / 105000
20240729-01:38:05 training: 9728 / 105000
20240729-01:38:05 training: 10240 / 105000
20240729-01:38:05 training: 10752 / 105000
20240729-01:38:05 training: 11264 / 105000
20240729-01:38:06 training: 11776 / 105000
20240729-01:38:06 training: 12288 / 105000
20240729-01:38:06 training: 12800 / 105000
20240729-01:38:06 training: 13312 / 105000
20240729-01:38:06 training: 13824 / 105000
20240729-01:38:06 training: 14336 / 105000
20240729-01:38:07 training: 14848 / 105000
20240729-01:38:07 training: 15360 / 105000
20240729-01:38:07 training: 15872 / 105000
20240729-01:38:07 training: 16384 / 105000
20240729-01:38:07 training: 16896 / 105000
20240729-01:38:08 training: 17408 / 105000
20240729-01:38:08 training: 17920 / 105000
20240729-01:38:08 training: 18432 / 105000
20240729-01:38:08 training: 18944 / 105000
20240729-01:38:08 training: 19456 / 105000
20240729-01:38:08 training: 19968 / 105000
20240729-01:38:09 training: 20480 / 105000
20240729-01:38:09 training: 20992 / 105000
20240729-01:38:09 training: 21504 / 105000
20240729-01:38:09 training: 22016 / 105000
20240729-01:38:09 training: 22528 / 105000
20240729-01:38:10 training: 23040 / 105000
20240729-01:38:10 training: 23552 / 105000
20240729-01:38:10 training: 24064 / 105000
20240729-01:38:10 training: 24576 / 105000
20240729-01:38:10 training: 25088 / 105000
20240729-01:38:10 training: 25600 / 105000
20240729-01:38:11 training: 26112 / 105000
20240729-01:38:11 training: 26624 / 105000
20240729-01:38:11 training: 27136 / 105000
20240729-01:38:11 training: 27648 / 105000
20240729-01:38:11 training: 28160 / 105000
20240729-01:38:12 training: 28672 / 105000
20240729-01:38:12 training: 29184 / 105000
20240729-01:38:12 training: 29696 / 105000
20240729-01:38:12 training: 30208 / 105000
20240729-01:38:12 training: 30720 / 105000
20240729-01:38:12 training: 31232 / 105000
20240729-01:38:13 training: 31744 / 105000
20240729-01:38:13 training: 32256 / 105000
20240729-01:38:13 training: 32768 / 105000
20240729-01:38:13 training: 33280 / 105000
20240729-01:38:13 training: 33792 / 105000
20240729-01:38:14 training: 34304 / 105000
20240729-01:38:14 training: 34816 / 105000
20240729-01:38:14 training: 35328 / 105000
20240729-01:38:14 training: 35840 / 105000
20240729-01:38:14 training: 36352 / 105000
20240729-01:38:14 training: 36864 / 105000
20240729-01:38:15 training: 37376 / 105000
20240729-01:38:15 training: 37888 / 105000
20240729-01:38:15 training: 38400 / 105000
20240729-01:38:15 training: 38912 / 105000
20240729-01:38:15 training: 39424 / 105000
20240729-01:38:16 training: 39936 / 105000
20240729-01:38:16 training: 40448 / 105000
20240729-01:38:16 training: 40960 / 105000
20240729-01:38:16 training: 41472 / 105000
20240729-01:38:16 training: 41984 / 105000
20240729-01:38:16 training: 42496 / 105000
20240729-01:38:17 training: 43008 / 105000
20240729-01:38:17 training: 43520 / 105000
20240729-01:38:17 training: 44032 / 105000
20240729-01:38:17 training: 44544 / 105000
20240729-01:38:17 training: 45056 / 105000
20240729-01:38:18 training: 45568 / 105000
20240729-01:38:18 training: 46080 / 105000
20240729-01:38:18 training: 46592 / 105000
20240729-01:38:18 training: 47104 / 105000
20240729-01:38:18 training: 47616 / 105000
20240729-01:38:18 training: 48128 / 105000
20240729-01:38:19 training: 48640 / 105000
20240729-01:38:19 training: 49152 / 105000
20240729-01:38:19 training: 49664 / 105000
20240729-01:38:19 training: 50176 / 105000
20240729-01:38:19 training: 50688 / 105000
20240729-01:38:20 training: 51200 / 105000
20240729-01:38:20 training: 51712 / 105000
20240729-01:38:20 training: 52224 / 105000
20240729-01:38:20 training: 52736 / 105000
20240729-01:38:20 training: 53248 / 105000
20240729-01:38:20 training: 53760 / 105000
20240729-01:38:21 training: 54272 / 105000
20240729-01:38:21 training: 54784 / 105000
20240729-01:38:21 training: 55296 / 105000
20240729-01:38:21 training: 55808 / 105000
20240729-01:38:21 training: 56320 / 105000
20240729-01:38:22 training: 56832 / 105000
20240729-01:38:22 training: 57344 / 105000
20240729-01:38:22 training: 57856 / 105000
20240729-01:38:22 training: 58368 / 105000
20240729-01:38:22 training: 58880 / 105000
20240729-01:38:22 training: 59392 / 105000
20240729-01:38:23 training: 59904 / 105000
20240729-01:38:23 training: 60416 / 105000
20240729-01:38:23 training: 60928 / 105000
20240729-01:38:23 training: 61440 / 105000
20240729-01:38:23 training: 61952 / 105000
20240729-01:38:24 training: 62464 / 105000
20240729-01:38:24 training: 62976 / 105000
20240729-01:38:24 training: 63488 / 105000
20240729-01:38:24 training: 64000 / 105000
20240729-01:38:24 training: 64512 / 105000
20240729-01:38:24 training: 65024 / 105000
20240729-01:38:25 training: 65536 / 105000
20240729-01:38:25 training: 66048 / 105000
20240729-01:38:25 training: 66560 / 105000
20240729-01:38:25 training: 67072 / 105000
20240729-01:38:25 training: 67584 / 105000
20240729-01:38:26 training: 68096 / 105000
20240729-01:38:26 training: 68608 / 105000
20240729-01:38:26 training: 69120 / 105000
20240729-01:38:26 training: 69632 / 105000
20240729-01:38:26 training: 70144 / 105000
20240729-01:38:26 training: 70656 / 105000
20240729-01:38:27 training: 71168 / 105000
20240729-01:38:27 training: 71680 / 105000
20240729-01:38:27 training: 72192 / 105000
20240729-01:38:27 training: 72704 / 105000
20240729-01:38:27 training: 73216 / 105000
20240729-01:38:28 training: 73728 / 105000
20240729-01:38:28 training: 74240 / 105000
20240729-01:38:28 training: 74752 / 105000
20240729-01:38:28 training: 75264 / 105000
20240729-01:38:28 training: 75776 / 105000
20240729-01:38:29 training: 76288 / 105000
20240729-01:38:29 training: 76800 / 105000
20240729-01:38:29 training: 77312 / 105000
20240729-01:38:29 training: 77824 / 105000
20240729-01:38:29 training: 78336 / 105000
20240729-01:38:29 training: 78848 / 105000
20240729-01:38:30 training: 79360 / 105000
20240729-01:38:30 training: 79872 / 105000
20240729-01:38:30 training: 80384 / 105000
20240729-01:38:30 training: 80896 / 105000
20240729-01:38:30 training: 81408 / 105000
20240729-01:38:31 training: 81920 / 105000
20240729-01:38:31 training: 82432 / 105000
20240729-01:38:31 training: 82944 / 105000
20240729-01:38:31 training: 83456 / 105000
20240729-01:38:31 training: 83968 / 105000
20240729-01:38:31 training: 84480 / 105000
20240729-01:38:32 training: 84992 / 105000
20240729-01:38:32 training: 85504 / 105000
20240729-01:38:32 training: 86016 / 105000
20240729-01:38:32 training: 86528 / 105000
20240729-01:38:32 training: 87040 / 105000
20240729-01:38:33 training: 87552 / 105000
20240729-01:38:33 training: 88064 / 105000
20240729-01:38:33 training: 88576 / 105000
20240729-01:38:33 training: 89088 / 105000
20240729-01:38:33 training: 89600 / 105000
20240729-01:38:33 training: 90112 / 105000
20240729-01:38:34 training: 90624 / 105000
20240729-01:38:34 training: 91136 / 105000
20240729-01:38:34 training: 91648 / 105000
20240729-01:38:34 training: 92160 / 105000
20240729-01:38:34 training: 92672 / 105000
20240729-01:38:35 training: 93184 / 105000
20240729-01:38:35 training: 93696 / 105000
20240729-01:38:35 training: 94208 / 105000
20240729-01:38:35 training: 94720 / 105000
20240729-01:38:35 training: 95232 / 105000
20240729-01:38:36 training: 95744 / 105000
20240729-01:38:36 training: 96256 / 105000
20240729-01:38:36 training: 96768 / 105000
20240729-01:38:36 training: 97280 / 105000
20240729-01:38:36 training: 97792 / 105000
20240729-01:38:36 training: 98304 / 105000
20240729-01:38:37 training: 98816 / 105000
20240729-01:38:37 training: 99328 / 105000
20240729-01:38:37 training: 99840 / 105000
20240729-01:38:37 training: 100352 / 105000
20240729-01:38:37 training: 100864 / 105000
20240729-01:38:38 training: 101376 / 105000
20240729-01:38:38 training: 101888 / 105000
20240729-01:38:38 training: 102400 / 105000
20240729-01:38:38 training: 102912 / 105000
20240729-01:38:38 training: 103424 / 105000
20240729-01:38:38 training: 103936 / 105000
20240729-01:38:39 training: 104448 / 105000
20240729-01:38:39 training: 104960 / 105000
20240729-01:38:39 training: 105000 / 105000
20240729-01:38:39     total_loss: 10.0962 time: 0m 38s
20240729-01:38:39 Test Epoch: 72 ...
20240729-01:39:06     ave: 99.2167
20240729-01:39:06 Saving checkpoint: 72
20240729-01:39:06 Train Epoch: 73/80 ...
20240729-01:39:07 training: 512 / 105000
20240729-01:39:07 training: 1024 / 105000
20240729-01:39:07 training: 1536 / 105000
20240729-01:39:08 training: 2048 / 105000
20240729-01:39:08 training: 2560 / 105000
20240729-01:39:08 training: 3072 / 105000
20240729-01:39:08 training: 3584 / 105000
20240729-01:39:08 training: 4096 / 105000
20240729-01:39:08 training: 4608 / 105000
20240729-01:39:09 training: 5120 / 105000
20240729-01:39:09 training: 5632 / 105000
20240729-01:39:09 training: 6144 / 105000
20240729-01:39:09 training: 6656 / 105000
20240729-01:39:09 training: 7168 / 105000
20240729-01:39:10 training: 7680 / 105000
20240729-01:39:10 training: 8192 / 105000
20240729-01:39:10 training: 8704 / 105000
20240729-01:39:10 training: 9216 / 105000
20240729-01:39:10 training: 9728 / 105000
20240729-01:39:10 training: 10240 / 105000
20240729-01:39:11 training: 10752 / 105000
20240729-01:39:11 training: 11264 / 105000
20240729-01:39:11 training: 11776 / 105000
20240729-01:39:11 training: 12288 / 105000
20240729-01:39:11 training: 12800 / 105000
20240729-01:39:12 training: 13312 / 105000
20240729-01:39:12 training: 13824 / 105000
20240729-01:39:12 training: 14336 / 105000
20240729-01:39:12 training: 14848 / 105000
20240729-01:39:12 training: 15360 / 105000
20240729-01:39:12 training: 15872 / 105000
20240729-01:39:13 training: 16384 / 105000
20240729-01:39:13 training: 16896 / 105000
20240729-01:39:13 training: 17408 / 105000
20240729-01:39:13 training: 17920 / 105000
20240729-01:39:13 training: 18432 / 105000
20240729-01:39:13 training: 18944 / 105000
20240729-01:39:14 training: 19456 / 105000
20240729-01:39:14 training: 19968 / 105000
20240729-01:39:14 training: 20480 / 105000
20240729-01:39:14 training: 20992 / 105000
20240729-01:39:14 training: 21504 / 105000
20240729-01:39:15 training: 22016 / 105000
20240729-01:39:15 training: 22528 / 105000
20240729-01:39:15 training: 23040 / 105000
20240729-01:39:15 training: 23552 / 105000
20240729-01:39:15 training: 24064 / 105000
20240729-01:39:15 training: 24576 / 105000
20240729-01:39:16 training: 25088 / 105000
20240729-01:39:16 training: 25600 / 105000
20240729-01:39:16 training: 26112 / 105000
20240729-01:39:16 training: 26624 / 105000
20240729-01:39:16 training: 27136 / 105000
20240729-01:39:17 training: 27648 / 105000
20240729-01:39:17 training: 28160 / 105000
20240729-01:39:17 training: 28672 / 105000
20240729-01:39:17 training: 29184 / 105000
20240729-01:39:17 training: 29696 / 105000
20240729-01:39:17 training: 30208 / 105000
20240729-01:39:18 training: 30720 / 105000
20240729-01:39:18 training: 31232 / 105000
20240729-01:39:18 training: 31744 / 105000
20240729-01:39:18 training: 32256 / 105000
20240729-01:39:18 training: 32768 / 105000
20240729-01:39:19 training: 33280 / 105000
20240729-01:39:19 training: 33792 / 105000
20240729-01:39:19 training: 34304 / 105000
20240729-01:39:19 training: 34816 / 105000
20240729-01:39:19 training: 35328 / 105000
20240729-01:39:19 training: 35840 / 105000
20240729-01:39:20 training: 36352 / 105000
20240729-01:39:20 training: 36864 / 105000
20240729-01:39:20 training: 37376 / 105000
20240729-01:39:20 training: 37888 / 105000
20240729-01:39:20 training: 38400 / 105000
20240729-01:39:21 training: 38912 / 105000
20240729-01:39:21 training: 39424 / 105000
20240729-01:39:21 training: 39936 / 105000
20240729-01:39:21 training: 40448 / 105000
20240729-01:39:21 training: 40960 / 105000
20240729-01:39:21 training: 41472 / 105000
20240729-01:39:22 training: 41984 / 105000
20240729-01:39:22 training: 42496 / 105000
20240729-01:39:22 training: 43008 / 105000
20240729-01:39:22 training: 43520 / 105000
20240729-01:39:22 training: 44032 / 105000
20240729-01:39:23 training: 44544 / 105000
20240729-01:39:23 training: 45056 / 105000
20240729-01:39:23 training: 45568 / 105000
20240729-01:39:23 training: 46080 / 105000
20240729-01:39:23 training: 46592 / 105000
20240729-01:39:23 training: 47104 / 105000
20240729-01:39:24 training: 47616 / 105000
20240729-01:39:24 training: 48128 / 105000
20240729-01:39:24 training: 48640 / 105000
20240729-01:39:24 training: 49152 / 105000
20240729-01:39:24 training: 49664 / 105000
20240729-01:39:25 training: 50176 / 105000
20240729-01:39:25 training: 50688 / 105000
20240729-01:39:25 training: 51200 / 105000
20240729-01:39:25 training: 51712 / 105000
20240729-01:39:25 training: 52224 / 105000
20240729-01:39:25 training: 52736 / 105000
20240729-01:39:26 training: 53248 / 105000
20240729-01:39:26 training: 53760 / 105000
20240729-01:39:26 training: 54272 / 105000
20240729-01:39:26 training: 54784 / 105000
20240729-01:39:26 training: 55296 / 105000
20240729-01:39:27 training: 55808 / 105000
20240729-01:39:27 training: 56320 / 105000
20240729-01:39:27 training: 56832 / 105000
20240729-01:39:27 training: 57344 / 105000
20240729-01:39:27 training: 57856 / 105000
20240729-01:39:27 training: 58368 / 105000
20240729-01:39:28 training: 58880 / 105000
20240729-01:39:28 training: 59392 / 105000
20240729-01:39:28 training: 59904 / 105000
20240729-01:39:28 training: 60416 / 105000
20240729-01:39:28 training: 60928 / 105000
20240729-01:39:29 training: 61440 / 105000
20240729-01:39:29 training: 61952 / 105000
20240729-01:39:29 training: 62464 / 105000
20240729-01:39:29 training: 62976 / 105000
20240729-01:39:29 training: 63488 / 105000
20240729-01:39:30 training: 64000 / 105000
20240729-01:39:30 training: 64512 / 105000
20240729-01:39:30 training: 65024 / 105000
20240729-01:39:30 training: 65536 / 105000
20240729-01:39:30 training: 66048 / 105000
20240729-01:39:30 training: 66560 / 105000
20240729-01:39:31 training: 67072 / 105000
20240729-01:39:31 training: 67584 / 105000
20240729-01:39:31 training: 68096 / 105000
20240729-01:39:31 training: 68608 / 105000
20240729-01:39:31 training: 69120 / 105000
20240729-01:39:31 training: 69632 / 105000
20240729-01:39:32 training: 70144 / 105000
20240729-01:39:32 training: 70656 / 105000
20240729-01:39:32 training: 71168 / 105000
20240729-01:39:32 training: 71680 / 105000
20240729-01:39:32 training: 72192 / 105000
20240729-01:39:33 training: 72704 / 105000
20240729-01:39:33 training: 73216 / 105000
20240729-01:39:33 training: 73728 / 105000
20240729-01:39:33 training: 74240 / 105000
20240729-01:39:33 training: 74752 / 105000
20240729-01:39:34 training: 75264 / 105000
20240729-01:39:34 training: 75776 / 105000
20240729-01:39:34 training: 76288 / 105000
20240729-01:39:34 training: 76800 / 105000
20240729-01:39:34 training: 77312 / 105000
20240729-01:39:34 training: 77824 / 105000
20240729-01:39:35 training: 78336 / 105000
20240729-01:39:35 training: 78848 / 105000
20240729-01:39:35 training: 79360 / 105000
20240729-01:39:35 training: 79872 / 105000
20240729-01:39:35 training: 80384 / 105000
20240729-01:39:36 training: 80896 / 105000
20240729-01:39:36 training: 81408 / 105000
20240729-01:39:36 training: 81920 / 105000
20240729-01:39:36 training: 82432 / 105000
20240729-01:39:36 training: 82944 / 105000
20240729-01:39:36 training: 83456 / 105000
20240729-01:39:37 training: 83968 / 105000
20240729-01:39:37 training: 84480 / 105000
20240729-01:39:37 training: 84992 / 105000
20240729-01:39:37 training: 85504 / 105000
20240729-01:39:37 training: 86016 / 105000
20240729-01:39:38 training: 86528 / 105000
20240729-01:39:38 training: 87040 / 105000
20240729-01:39:38 training: 87552 / 105000
20240729-01:39:38 training: 88064 / 105000
20240729-01:39:38 training: 88576 / 105000
20240729-01:39:39 training: 89088 / 105000
20240729-01:39:39 training: 89600 / 105000
20240729-01:39:39 training: 90112 / 105000
20240729-01:39:39 training: 90624 / 105000
20240729-01:39:39 training: 91136 / 105000
20240729-01:39:39 training: 91648 / 105000
20240729-01:39:40 training: 92160 / 105000
20240729-01:39:40 training: 92672 / 105000
20240729-01:39:40 training: 93184 / 105000
20240729-01:39:40 training: 93696 / 105000
20240729-01:39:40 training: 94208 / 105000
20240729-01:39:41 training: 94720 / 105000
20240729-01:39:41 training: 95232 / 105000
20240729-01:39:41 training: 95744 / 105000
20240729-01:39:41 training: 96256 / 105000
20240729-01:39:41 training: 96768 / 105000
20240729-01:39:41 training: 97280 / 105000
20240729-01:39:42 training: 97792 / 105000
20240729-01:39:42 training: 98304 / 105000
20240729-01:39:42 training: 98816 / 105000
20240729-01:39:42 training: 99328 / 105000
20240729-01:39:42 training: 99840 / 105000
20240729-01:39:43 training: 100352 / 105000
20240729-01:39:43 training: 100864 / 105000
20240729-01:39:43 training: 101376 / 105000
20240729-01:39:43 training: 101888 / 105000
20240729-01:39:43 training: 102400 / 105000
20240729-01:39:43 training: 102912 / 105000
20240729-01:39:44 training: 103424 / 105000
20240729-01:39:44 training: 103936 / 105000
20240729-01:39:44 training: 104448 / 105000
20240729-01:39:44 training: 104960 / 105000
20240729-01:39:44 training: 105000 / 105000
20240729-01:39:44     total_loss: 8.4965 time: 0m 38s
20240729-01:39:44 Saving checkpoint: 73
20240729-01:39:44 Train Epoch: 74/80 ...
20240729-01:39:45 training: 512 / 105000
20240729-01:39:46 training: 1024 / 105000
20240729-01:39:46 training: 1536 / 105000
20240729-01:39:46 training: 2048 / 105000
20240729-01:39:46 training: 2560 / 105000
20240729-01:39:46 training: 3072 / 105000
20240729-01:39:46 training: 3584 / 105000
20240729-01:39:47 training: 4096 / 105000
20240729-01:39:47 training: 4608 / 105000
20240729-01:39:47 training: 5120 / 105000
20240729-01:39:47 training: 5632 / 105000
20240729-01:39:47 training: 6144 / 105000
20240729-01:39:48 training: 6656 / 105000
20240729-01:39:48 training: 7168 / 105000
20240729-01:39:48 training: 7680 / 105000
20240729-01:39:48 training: 8192 / 105000
20240729-01:39:48 training: 8704 / 105000
20240729-01:39:48 training: 9216 / 105000
20240729-01:39:49 training: 9728 / 105000
20240729-01:39:49 training: 10240 / 105000
20240729-01:39:49 training: 10752 / 105000
20240729-01:39:49 training: 11264 / 105000
20240729-01:39:49 training: 11776 / 105000
20240729-01:39:50 training: 12288 / 105000
20240729-01:39:50 training: 12800 / 105000
20240729-01:39:50 training: 13312 / 105000
20240729-01:39:50 training: 13824 / 105000
20240729-01:39:50 training: 14336 / 105000
20240729-01:39:50 training: 14848 / 105000
20240729-01:39:51 training: 15360 / 105000
20240729-01:39:51 training: 15872 / 105000
20240729-01:39:51 training: 16384 / 105000
20240729-01:39:51 training: 16896 / 105000
20240729-01:39:51 training: 17408 / 105000
20240729-01:39:52 training: 17920 / 105000
20240729-01:39:52 training: 18432 / 105000
20240729-01:39:52 training: 18944 / 105000
20240729-01:39:52 training: 19456 / 105000
20240729-01:39:52 training: 19968 / 105000
20240729-01:39:52 training: 20480 / 105000
20240729-01:39:53 training: 20992 / 105000
20240729-01:39:53 training: 21504 / 105000
20240729-01:39:53 training: 22016 / 105000
20240729-01:39:53 training: 22528 / 105000
20240729-01:39:53 training: 23040 / 105000
20240729-01:39:54 training: 23552 / 105000
20240729-01:39:54 training: 24064 / 105000
20240729-01:39:54 training: 24576 / 105000
20240729-01:39:54 training: 25088 / 105000
20240729-01:39:54 training: 25600 / 105000
20240729-01:39:55 training: 26112 / 105000
20240729-01:39:55 training: 26624 / 105000
20240729-01:39:55 training: 27136 / 105000
20240729-01:39:55 training: 27648 / 105000
20240729-01:39:55 training: 28160 / 105000
20240729-01:39:55 training: 28672 / 105000
20240729-01:39:56 training: 29184 / 105000
20240729-01:39:56 training: 29696 / 105000
20240729-01:39:56 training: 30208 / 105000
20240729-01:39:56 training: 30720 / 105000
20240729-01:39:56 training: 31232 / 105000
20240729-01:39:57 training: 31744 / 105000
20240729-01:39:57 training: 32256 / 105000
20240729-01:39:57 training: 32768 / 105000
20240729-01:39:57 training: 33280 / 105000
20240729-01:39:57 training: 33792 / 105000
20240729-01:39:57 training: 34304 / 105000
20240729-01:39:58 training: 34816 / 105000
20240729-01:39:58 training: 35328 / 105000
20240729-01:39:58 training: 35840 / 105000
20240729-01:39:58 training: 36352 / 105000
20240729-01:39:58 training: 36864 / 105000
20240729-01:39:59 training: 37376 / 105000
20240729-01:39:59 training: 37888 / 105000
20240729-01:39:59 training: 38400 / 105000
20240729-01:39:59 training: 38912 / 105000
20240729-01:39:59 training: 39424 / 105000
20240729-01:40:00 training: 39936 / 105000
20240729-01:40:00 training: 40448 / 105000
20240729-01:40:00 training: 40960 / 105000
20240729-01:40:00 training: 41472 / 105000
20240729-01:40:00 training: 41984 / 105000
20240729-01:40:00 training: 42496 / 105000
20240729-01:40:01 training: 43008 / 105000
20240729-01:40:01 training: 43520 / 105000
20240729-01:40:01 training: 44032 / 105000
20240729-01:40:01 training: 44544 / 105000
20240729-01:40:01 training: 45056 / 105000
20240729-01:40:02 training: 45568 / 105000
20240729-01:40:02 training: 46080 / 105000
20240729-01:40:02 training: 46592 / 105000
20240729-01:40:02 training: 47104 / 105000
20240729-01:40:02 training: 47616 / 105000
20240729-01:40:02 training: 48128 / 105000
20240729-01:40:03 training: 48640 / 105000
20240729-01:40:03 training: 49152 / 105000
20240729-01:40:03 training: 49664 / 105000
20240729-01:40:03 training: 50176 / 105000
20240729-01:40:03 training: 50688 / 105000
20240729-01:40:04 training: 51200 / 105000
20240729-01:40:04 training: 51712 / 105000
20240729-01:40:04 training: 52224 / 105000
20240729-01:40:04 training: 52736 / 105000
20240729-01:40:04 training: 53248 / 105000
20240729-01:40:04 training: 53760 / 105000
20240729-01:40:05 training: 54272 / 105000
20240729-01:40:05 training: 54784 / 105000
20240729-01:40:05 training: 55296 / 105000
20240729-01:40:05 training: 55808 / 105000
20240729-01:40:05 training: 56320 / 105000
20240729-01:40:06 training: 56832 / 105000
20240729-01:40:06 training: 57344 / 105000
20240729-01:40:06 training: 57856 / 105000
20240729-01:40:06 training: 58368 / 105000
20240729-01:40:06 training: 58880 / 105000
20240729-01:40:07 training: 59392 / 105000
20240729-01:40:07 training: 59904 / 105000
20240729-01:40:07 training: 60416 / 105000
20240729-01:40:07 training: 60928 / 105000
20240729-01:40:07 training: 61440 / 105000
20240729-01:40:07 training: 61952 / 105000
20240729-01:40:08 training: 62464 / 105000
20240729-01:40:08 training: 62976 / 105000
20240729-01:40:08 training: 63488 / 105000
20240729-01:40:08 training: 64000 / 105000
20240729-01:40:08 training: 64512 / 105000
20240729-01:40:09 training: 65024 / 105000
20240729-01:40:09 training: 65536 / 105000
20240729-01:40:09 training: 66048 / 105000
20240729-01:40:09 training: 66560 / 105000
20240729-01:40:09 training: 67072 / 105000
20240729-01:40:10 training: 67584 / 105000
20240729-01:40:10 training: 68096 / 105000
20240729-01:40:10 training: 68608 / 105000
20240729-01:40:10 training: 69120 / 105000
20240729-01:40:10 training: 69632 / 105000
20240729-01:40:11 training: 70144 / 105000
20240729-01:40:11 training: 70656 / 105000
20240729-01:40:11 training: 71168 / 105000
20240729-01:40:11 training: 71680 / 105000
20240729-01:40:11 training: 72192 / 105000
20240729-01:40:11 training: 72704 / 105000
20240729-01:40:12 training: 73216 / 105000
20240729-01:40:12 training: 73728 / 105000
20240729-01:40:12 training: 74240 / 105000
20240729-01:40:12 training: 74752 / 105000
20240729-01:40:12 training: 75264 / 105000
20240729-01:40:13 training: 75776 / 105000
20240729-01:40:13 training: 76288 / 105000
20240729-01:40:13 training: 76800 / 105000
20240729-01:40:13 training: 77312 / 105000
20240729-01:40:13 training: 77824 / 105000
20240729-01:40:14 training: 78336 / 105000
20240729-01:40:14 training: 78848 / 105000
20240729-01:40:14 training: 79360 / 105000
20240729-01:40:14 training: 79872 / 105000
20240729-01:40:14 training: 80384 / 105000
20240729-01:40:14 training: 80896 / 105000
20240729-01:40:15 training: 81408 / 105000
20240729-01:40:15 training: 81920 / 105000
20240729-01:40:15 training: 82432 / 105000
20240729-01:40:15 training: 82944 / 105000
20240729-01:40:15 training: 83456 / 105000
20240729-01:40:16 training: 83968 / 105000
20240729-01:40:16 training: 84480 / 105000
20240729-01:40:16 training: 84992 / 105000
20240729-01:40:16 training: 85504 / 105000
20240729-01:40:16 training: 86016 / 105000
20240729-01:40:16 training: 86528 / 105000
20240729-01:40:17 training: 87040 / 105000
20240729-01:40:17 training: 87552 / 105000
20240729-01:40:17 training: 88064 / 105000
20240729-01:40:17 training: 88576 / 105000
20240729-01:40:17 training: 89088 / 105000
20240729-01:40:18 training: 89600 / 105000
20240729-01:40:18 training: 90112 / 105000
20240729-01:40:18 training: 90624 / 105000
20240729-01:40:18 training: 91136 / 105000
20240729-01:40:18 training: 91648 / 105000
20240729-01:40:18 training: 92160 / 105000
20240729-01:40:19 training: 92672 / 105000
20240729-01:40:19 training: 93184 / 105000
20240729-01:40:19 training: 93696 / 105000
20240729-01:40:19 training: 94208 / 105000
20240729-01:40:19 training: 94720 / 105000
20240729-01:40:20 training: 95232 / 105000
20240729-01:40:20 training: 95744 / 105000
20240729-01:40:20 training: 96256 / 105000
20240729-01:40:20 training: 96768 / 105000
20240729-01:40:20 training: 97280 / 105000
20240729-01:40:21 training: 97792 / 105000
20240729-01:40:21 training: 98304 / 105000
20240729-01:40:21 training: 98816 / 105000
20240729-01:40:21 training: 99328 / 105000
20240729-01:40:21 training: 99840 / 105000
20240729-01:40:22 training: 100352 / 105000
20240729-01:40:22 training: 100864 / 105000
20240729-01:40:22 training: 101376 / 105000
20240729-01:40:22 training: 101888 / 105000
20240729-01:40:22 training: 102400 / 105000
20240729-01:40:22 training: 102912 / 105000
20240729-01:40:23 training: 103424 / 105000
20240729-01:40:23 training: 103936 / 105000
20240729-01:40:23 training: 104448 / 105000
20240729-01:40:23 training: 104960 / 105000
20240729-01:40:23 training: 105000 / 105000
20240729-01:40:23     total_loss: 7.4435 time: 0m 39s
20240729-01:40:23 Test Epoch: 74 ...
20240729-01:40:51     ave: 99.1833
20240729-01:40:51 Saving checkpoint: 74
20240729-01:40:51 Train Epoch: 75/80 ...
20240729-01:40:52 training: 512 / 105000
20240729-01:40:53 training: 1024 / 105000
20240729-01:40:53 training: 1536 / 105000
20240729-01:40:53 training: 2048 / 105000
20240729-01:40:53 training: 2560 / 105000
20240729-01:40:53 training: 3072 / 105000
20240729-01:40:53 training: 3584 / 105000
20240729-01:40:54 training: 4096 / 105000
20240729-01:40:54 training: 4608 / 105000
20240729-01:40:54 training: 5120 / 105000
20240729-01:40:54 training: 5632 / 105000
20240729-01:40:54 training: 6144 / 105000
20240729-01:40:55 training: 6656 / 105000
20240729-01:40:55 training: 7168 / 105000
20240729-01:40:55 training: 7680 / 105000
20240729-01:40:55 training: 8192 / 105000
20240729-01:40:55 training: 8704 / 105000
20240729-01:40:55 training: 9216 / 105000
20240729-01:40:56 training: 9728 / 105000
20240729-01:40:56 training: 10240 / 105000
20240729-01:40:56 training: 10752 / 105000
20240729-01:40:56 training: 11264 / 105000
20240729-01:40:56 training: 11776 / 105000
20240729-01:40:57 training: 12288 / 105000
20240729-01:40:57 training: 12800 / 105000
20240729-01:40:57 training: 13312 / 105000
20240729-01:40:57 training: 13824 / 105000
20240729-01:40:57 training: 14336 / 105000
20240729-01:40:57 training: 14848 / 105000
20240729-01:40:58 training: 15360 / 105000
20240729-01:40:58 training: 15872 / 105000
20240729-01:40:58 training: 16384 / 105000
20240729-01:40:58 training: 16896 / 105000
20240729-01:40:58 training: 17408 / 105000
20240729-01:40:59 training: 17920 / 105000
20240729-01:40:59 training: 18432 / 105000
20240729-01:40:59 training: 18944 / 105000
20240729-01:40:59 training: 19456 / 105000
20240729-01:40:59 training: 19968 / 105000
20240729-01:40:59 training: 20480 / 105000
20240729-01:41:00 training: 20992 / 105000
20240729-01:41:00 training: 21504 / 105000
20240729-01:41:00 training: 22016 / 105000
20240729-01:41:00 training: 22528 / 105000
20240729-01:41:00 training: 23040 / 105000
20240729-01:41:01 training: 23552 / 105000
20240729-01:41:01 training: 24064 / 105000
20240729-01:41:01 training: 24576 / 105000
20240729-01:41:01 training: 25088 / 105000
20240729-01:41:01 training: 25600 / 105000
20240729-01:41:01 training: 26112 / 105000
20240729-01:41:02 training: 26624 / 105000
20240729-01:41:02 training: 27136 / 105000
20240729-01:41:02 training: 27648 / 105000
20240729-01:41:02 training: 28160 / 105000
20240729-01:41:02 training: 28672 / 105000
20240729-01:41:03 training: 29184 / 105000
20240729-01:41:03 training: 29696 / 105000
20240729-01:41:03 training: 30208 / 105000
20240729-01:41:03 training: 30720 / 105000
20240729-01:41:03 training: 31232 / 105000
20240729-01:41:04 training: 31744 / 105000
20240729-01:41:04 training: 32256 / 105000
20240729-01:41:04 training: 32768 / 105000
20240729-01:41:04 training: 33280 / 105000
20240729-01:41:04 training: 33792 / 105000
20240729-01:41:04 training: 34304 / 105000
20240729-01:41:05 training: 34816 / 105000
20240729-01:41:05 training: 35328 / 105000
20240729-01:41:05 training: 35840 / 105000
20240729-01:41:05 training: 36352 / 105000
20240729-01:41:05 training: 36864 / 105000
20240729-01:41:06 training: 37376 / 105000
20240729-01:41:06 training: 37888 / 105000
20240729-01:41:06 training: 38400 / 105000
20240729-01:41:06 training: 38912 / 105000
20240729-01:41:06 training: 39424 / 105000
20240729-01:41:06 training: 39936 / 105000
20240729-01:41:07 training: 40448 / 105000
20240729-01:41:07 training: 40960 / 105000
20240729-01:41:07 training: 41472 / 105000
20240729-01:41:07 training: 41984 / 105000
20240729-01:41:07 training: 42496 / 105000
20240729-01:41:08 training: 43008 / 105000
20240729-01:41:08 training: 43520 / 105000
20240729-01:41:08 training: 44032 / 105000
20240729-01:41:08 training: 44544 / 105000
20240729-01:41:08 training: 45056 / 105000
20240729-01:41:08 training: 45568 / 105000
20240729-01:41:09 training: 46080 / 105000
20240729-01:41:09 training: 46592 / 105000
20240729-01:41:09 training: 47104 / 105000
20240729-01:41:09 training: 47616 / 105000
20240729-01:41:09 training: 48128 / 105000
20240729-01:41:10 training: 48640 / 105000
20240729-01:41:10 training: 49152 / 105000
20240729-01:41:10 training: 49664 / 105000
20240729-01:41:10 training: 50176 / 105000
20240729-01:41:10 training: 50688 / 105000
20240729-01:41:10 training: 51200 / 105000
20240729-01:41:11 training: 51712 / 105000
20240729-01:41:11 training: 52224 / 105000
20240729-01:41:11 training: 52736 / 105000
20240729-01:41:11 training: 53248 / 105000
20240729-01:41:11 training: 53760 / 105000
20240729-01:41:12 training: 54272 / 105000
20240729-01:41:12 training: 54784 / 105000
20240729-01:41:12 training: 55296 / 105000
20240729-01:41:12 training: 55808 / 105000
20240729-01:41:12 training: 56320 / 105000
20240729-01:41:12 training: 56832 / 105000
20240729-01:41:13 training: 57344 / 105000
20240729-01:41:13 training: 57856 / 105000
20240729-01:41:13 training: 58368 / 105000
20240729-01:41:13 training: 58880 / 105000
20240729-01:41:13 training: 59392 / 105000
20240729-01:41:14 training: 59904 / 105000
20240729-01:41:14 training: 60416 / 105000
20240729-01:41:14 training: 60928 / 105000
20240729-01:41:14 training: 61440 / 105000
20240729-01:41:14 training: 61952 / 105000
20240729-01:41:14 training: 62464 / 105000
20240729-01:41:15 training: 62976 / 105000
20240729-01:41:15 training: 63488 / 105000
20240729-01:41:15 training: 64000 / 105000
20240729-01:41:15 training: 64512 / 105000
20240729-01:41:15 training: 65024 / 105000
20240729-01:41:16 training: 65536 / 105000
20240729-01:41:16 training: 66048 / 105000
20240729-01:41:16 training: 66560 / 105000
20240729-01:41:16 training: 67072 / 105000
20240729-01:41:16 training: 67584 / 105000
20240729-01:41:16 training: 68096 / 105000
20240729-01:41:17 training: 68608 / 105000
20240729-01:41:17 training: 69120 / 105000
20240729-01:41:17 training: 69632 / 105000
20240729-01:41:17 training: 70144 / 105000
20240729-01:41:17 training: 70656 / 105000
20240729-01:41:18 training: 71168 / 105000
20240729-01:41:18 training: 71680 / 105000
20240729-01:41:18 training: 72192 / 105000
20240729-01:41:18 training: 72704 / 105000
20240729-01:41:18 training: 73216 / 105000
20240729-01:41:18 training: 73728 / 105000
20240729-01:41:19 training: 74240 / 105000
20240729-01:41:19 training: 74752 / 105000
20240729-01:41:19 training: 75264 / 105000
20240729-01:41:19 training: 75776 / 105000
20240729-01:41:19 training: 76288 / 105000
20240729-01:41:20 training: 76800 / 105000
20240729-01:41:20 training: 77312 / 105000
20240729-01:41:20 training: 77824 / 105000
20240729-01:41:20 training: 78336 / 105000
20240729-01:41:20 training: 78848 / 105000
20240729-01:41:20 training: 79360 / 105000
20240729-01:41:21 training: 79872 / 105000
20240729-01:41:21 training: 80384 / 105000
20240729-01:41:21 training: 80896 / 105000
20240729-01:41:21 training: 81408 / 105000
20240729-01:41:21 training: 81920 / 105000
20240729-01:41:22 training: 82432 / 105000
20240729-01:41:22 training: 82944 / 105000
20240729-01:41:22 training: 83456 / 105000
20240729-01:41:22 training: 83968 / 105000
20240729-01:41:22 training: 84480 / 105000
20240729-01:41:22 training: 84992 / 105000
20240729-01:41:23 training: 85504 / 105000
20240729-01:41:23 training: 86016 / 105000
20240729-01:41:23 training: 86528 / 105000
20240729-01:41:23 training: 87040 / 105000
20240729-01:41:23 training: 87552 / 105000
20240729-01:41:24 training: 88064 / 105000
20240729-01:41:24 training: 88576 / 105000
20240729-01:41:24 training: 89088 / 105000
20240729-01:41:24 training: 89600 / 105000
20240729-01:41:24 training: 90112 / 105000
20240729-01:41:25 training: 90624 / 105000
20240729-01:41:25 training: 91136 / 105000
20240729-01:41:25 training: 91648 / 105000
20240729-01:41:25 training: 92160 / 105000
20240729-01:41:25 training: 92672 / 105000
20240729-01:41:25 training: 93184 / 105000
20240729-01:41:26 training: 93696 / 105000
20240729-01:41:26 training: 94208 / 105000
20240729-01:41:26 training: 94720 / 105000
20240729-01:41:26 training: 95232 / 105000
20240729-01:41:26 training: 95744 / 105000
20240729-01:41:27 training: 96256 / 105000
20240729-01:41:27 training: 96768 / 105000
20240729-01:41:27 training: 97280 / 105000
20240729-01:41:27 training: 97792 / 105000
20240729-01:41:27 training: 98304 / 105000
20240729-01:41:27 training: 98816 / 105000
20240729-01:41:28 training: 99328 / 105000
20240729-01:41:28 training: 99840 / 105000
20240729-01:41:28 training: 100352 / 105000
20240729-01:41:28 training: 100864 / 105000
20240729-01:41:28 training: 101376 / 105000
20240729-01:41:29 training: 101888 / 105000
20240729-01:41:29 training: 102400 / 105000
20240729-01:41:29 training: 102912 / 105000
20240729-01:41:29 training: 103424 / 105000
20240729-01:41:29 training: 103936 / 105000
20240729-01:41:29 training: 104448 / 105000
20240729-01:41:30 training: 104960 / 105000
20240729-01:41:30 training: 105000 / 105000
20240729-01:41:30     total_loss: 6.6995 time: 0m 38s
20240729-01:41:30 Saving checkpoint: 75
20240729-01:41:30 Train Epoch: 76/80 ...
20240729-01:41:31 training: 512 / 105000
20240729-01:41:31 training: 1024 / 105000
20240729-01:41:31 training: 1536 / 105000
20240729-01:41:31 training: 2048 / 105000
20240729-01:41:32 training: 2560 / 105000
20240729-01:41:32 training: 3072 / 105000
20240729-01:41:32 training: 3584 / 105000
20240729-01:41:32 training: 4096 / 105000
20240729-01:41:32 training: 4608 / 105000
20240729-01:41:32 training: 5120 / 105000
20240729-01:41:33 training: 5632 / 105000
20240729-01:41:33 training: 6144 / 105000
20240729-01:41:33 training: 6656 / 105000
20240729-01:41:33 training: 7168 / 105000
20240729-01:41:33 training: 7680 / 105000
20240729-01:41:34 training: 8192 / 105000
20240729-01:41:34 training: 8704 / 105000
20240729-01:41:34 training: 9216 / 105000
20240729-01:41:34 training: 9728 / 105000
20240729-01:41:34 training: 10240 / 105000
20240729-01:41:34 training: 10752 / 105000
20240729-01:41:35 training: 11264 / 105000
20240729-01:41:35 training: 11776 / 105000
20240729-01:41:35 training: 12288 / 105000
20240729-01:41:35 training: 12800 / 105000
20240729-01:41:35 training: 13312 / 105000
20240729-01:41:36 training: 13824 / 105000
20240729-01:41:36 training: 14336 / 105000
20240729-01:41:36 training: 14848 / 105000
20240729-01:41:36 training: 15360 / 105000
20240729-01:41:36 training: 15872 / 105000
20240729-01:41:36 training: 16384 / 105000
20240729-01:41:37 training: 16896 / 105000
20240729-01:41:37 training: 17408 / 105000
20240729-01:41:37 training: 17920 / 105000
20240729-01:41:37 training: 18432 / 105000
20240729-01:41:37 training: 18944 / 105000
20240729-01:41:38 training: 19456 / 105000
20240729-01:41:38 training: 19968 / 105000
20240729-01:41:38 training: 20480 / 105000
20240729-01:41:38 training: 20992 / 105000
20240729-01:41:38 training: 21504 / 105000
20240729-01:41:38 training: 22016 / 105000
20240729-01:41:39 training: 22528 / 105000
20240729-01:41:39 training: 23040 / 105000
20240729-01:41:39 training: 23552 / 105000
20240729-01:41:39 training: 24064 / 105000
20240729-01:41:39 training: 24576 / 105000
20240729-01:41:40 training: 25088 / 105000
20240729-01:41:40 training: 25600 / 105000
20240729-01:41:40 training: 26112 / 105000
20240729-01:41:40 training: 26624 / 105000
20240729-01:41:40 training: 27136 / 105000
20240729-01:41:40 training: 27648 / 105000
20240729-01:41:41 training: 28160 / 105000
20240729-01:41:41 training: 28672 / 105000
20240729-01:41:41 training: 29184 / 105000
20240729-01:41:41 training: 29696 / 105000
20240729-01:41:41 training: 30208 / 105000
20240729-01:41:42 training: 30720 / 105000
20240729-01:41:42 training: 31232 / 105000
20240729-01:41:42 training: 31744 / 105000
20240729-01:41:42 training: 32256 / 105000
20240729-01:41:42 training: 32768 / 105000
20240729-01:41:43 training: 33280 / 105000
20240729-01:41:43 training: 33792 / 105000
20240729-01:41:43 training: 34304 / 105000
20240729-01:41:43 training: 34816 / 105000
20240729-01:41:43 training: 35328 / 105000
20240729-01:41:43 training: 35840 / 105000
20240729-01:41:44 training: 36352 / 105000
20240729-01:41:44 training: 36864 / 105000
20240729-01:41:44 training: 37376 / 105000
20240729-01:41:44 training: 37888 / 105000
20240729-01:41:44 training: 38400 / 105000
20240729-01:41:45 training: 38912 / 105000
20240729-01:41:45 training: 39424 / 105000
20240729-01:41:45 training: 39936 / 105000
20240729-01:41:45 training: 40448 / 105000
20240729-01:41:45 training: 40960 / 105000
20240729-01:41:45 training: 41472 / 105000
20240729-01:41:46 training: 41984 / 105000
20240729-01:41:46 training: 42496 / 105000
20240729-01:41:46 training: 43008 / 105000
20240729-01:41:46 training: 43520 / 105000
20240729-01:41:46 training: 44032 / 105000
20240729-01:41:47 training: 44544 / 105000
20240729-01:41:47 training: 45056 / 105000
20240729-01:41:47 training: 45568 / 105000
20240729-01:41:47 training: 46080 / 105000
20240729-01:41:47 training: 46592 / 105000
20240729-01:41:47 training: 47104 / 105000
20240729-01:41:48 training: 47616 / 105000
20240729-01:41:48 training: 48128 / 105000
20240729-01:41:48 training: 48640 / 105000
20240729-01:41:48 training: 49152 / 105000
20240729-01:41:48 training: 49664 / 105000
20240729-01:41:49 training: 50176 / 105000
20240729-01:41:49 training: 50688 / 105000
20240729-01:41:49 training: 51200 / 105000
20240729-01:41:49 training: 51712 / 105000
20240729-01:41:49 training: 52224 / 105000
20240729-01:41:49 training: 52736 / 105000
20240729-01:41:50 training: 53248 / 105000
20240729-01:41:50 training: 53760 / 105000
20240729-01:41:50 training: 54272 / 105000
20240729-01:41:50 training: 54784 / 105000
20240729-01:41:50 training: 55296 / 105000
20240729-01:41:51 training: 55808 / 105000
20240729-01:41:51 training: 56320 / 105000
20240729-01:41:51 training: 56832 / 105000
20240729-01:41:51 training: 57344 / 105000
20240729-01:41:51 training: 57856 / 105000
20240729-01:41:51 training: 58368 / 105000
20240729-01:41:52 training: 58880 / 105000
20240729-01:41:52 training: 59392 / 105000
20240729-01:41:52 training: 59904 / 105000
20240729-01:41:52 training: 60416 / 105000
20240729-01:41:52 training: 60928 / 105000
20240729-01:41:53 training: 61440 / 105000
20240729-01:41:53 training: 61952 / 105000
20240729-01:41:53 training: 62464 / 105000
20240729-01:41:53 training: 62976 / 105000
20240729-01:41:53 training: 63488 / 105000
20240729-01:41:54 training: 64000 / 105000
20240729-01:41:54 training: 64512 / 105000
20240729-01:41:54 training: 65024 / 105000
20240729-01:41:54 training: 65536 / 105000
20240729-01:41:54 training: 66048 / 105000
20240729-01:41:55 training: 66560 / 105000
20240729-01:41:55 training: 67072 / 105000
20240729-01:41:55 training: 67584 / 105000
20240729-01:41:55 training: 68096 / 105000
20240729-01:41:55 training: 68608 / 105000
20240729-01:41:55 training: 69120 / 105000
20240729-01:41:56 training: 69632 / 105000
20240729-01:41:56 training: 70144 / 105000
20240729-01:41:56 training: 70656 / 105000
20240729-01:41:56 training: 71168 / 105000
20240729-01:41:56 training: 71680 / 105000
20240729-01:41:57 training: 72192 / 105000
20240729-01:41:57 training: 72704 / 105000
20240729-01:41:57 training: 73216 / 105000
20240729-01:41:57 training: 73728 / 105000
20240729-01:41:57 training: 74240 / 105000
20240729-01:41:58 training: 74752 / 105000
20240729-01:41:58 training: 75264 / 105000
20240729-01:41:58 training: 75776 / 105000
20240729-01:41:58 training: 76288 / 105000
20240729-01:41:58 training: 76800 / 105000
20240729-01:41:58 training: 77312 / 105000
20240729-01:41:59 training: 77824 / 105000
20240729-01:41:59 training: 78336 / 105000
20240729-01:41:59 training: 78848 / 105000
20240729-01:41:59 training: 79360 / 105000
20240729-01:41:59 training: 79872 / 105000
20240729-01:42:00 training: 80384 / 105000
20240729-01:42:00 training: 80896 / 105000
20240729-01:42:00 training: 81408 / 105000
20240729-01:42:00 training: 81920 / 105000
20240729-01:42:00 training: 82432 / 105000
20240729-01:42:00 training: 82944 / 105000
20240729-01:42:01 training: 83456 / 105000
20240729-01:42:01 training: 83968 / 105000
20240729-01:42:01 training: 84480 / 105000
20240729-01:42:01 training: 84992 / 105000
20240729-01:42:01 training: 85504 / 105000
20240729-01:42:02 training: 86016 / 105000
20240729-01:42:02 training: 86528 / 105000
20240729-01:42:02 training: 87040 / 105000
20240729-01:42:02 training: 87552 / 105000
20240729-01:42:02 training: 88064 / 105000
20240729-01:42:02 training: 88576 / 105000
20240729-01:42:03 training: 89088 / 105000
20240729-01:42:03 training: 89600 / 105000
20240729-01:42:03 training: 90112 / 105000
20240729-01:42:03 training: 90624 / 105000
20240729-01:42:03 training: 91136 / 105000
20240729-01:42:04 training: 91648 / 105000
20240729-01:42:04 training: 92160 / 105000
20240729-01:42:04 training: 92672 / 105000
20240729-01:42:04 training: 93184 / 105000
20240729-01:42:04 training: 93696 / 105000
20240729-01:42:04 training: 94208 / 105000
20240729-01:42:05 training: 94720 / 105000
20240729-01:42:05 training: 95232 / 105000
20240729-01:42:05 training: 95744 / 105000
20240729-01:42:05 training: 96256 / 105000
20240729-01:42:05 training: 96768 / 105000
20240729-01:42:06 training: 97280 / 105000
20240729-01:42:06 training: 97792 / 105000
20240729-01:42:06 training: 98304 / 105000
20240729-01:42:06 training: 98816 / 105000
20240729-01:42:06 training: 99328 / 105000
20240729-01:42:07 training: 99840 / 105000
20240729-01:42:07 training: 100352 / 105000
20240729-01:42:07 training: 100864 / 105000
20240729-01:42:07 training: 101376 / 105000
20240729-01:42:07 training: 101888 / 105000
20240729-01:42:07 training: 102400 / 105000
20240729-01:42:08 training: 102912 / 105000
20240729-01:42:08 training: 103424 / 105000
20240729-01:42:08 training: 103936 / 105000
20240729-01:42:08 training: 104448 / 105000
20240729-01:42:08 training: 104960 / 105000
20240729-01:42:08 training: 105000 / 105000
20240729-01:42:08     total_loss: 6.1558 time: 0m 39s
20240729-01:42:08 Test Epoch: 76 ...
20240729-01:42:31     ave: 99.1333
20240729-01:42:31 Saving checkpoint: 76
20240729-01:42:32 Train Epoch: 77/80 ...
20240729-01:42:32 training: 512 / 105000
20240729-01:42:33 training: 1024 / 105000
20240729-01:42:33 training: 1536 / 105000
20240729-01:42:33 training: 2048 / 105000
20240729-01:42:33 training: 2560 / 105000
20240729-01:42:33 training: 3072 / 105000
20240729-01:42:33 training: 3584 / 105000
20240729-01:42:34 training: 4096 / 105000
20240729-01:42:34 training: 4608 / 105000
20240729-01:42:34 training: 5120 / 105000
20240729-01:42:34 training: 5632 / 105000
20240729-01:42:34 training: 6144 / 105000
20240729-01:42:35 training: 6656 / 105000
20240729-01:42:35 training: 7168 / 105000
20240729-01:42:35 training: 7680 / 105000
20240729-01:42:35 training: 8192 / 105000
20240729-01:42:35 training: 8704 / 105000
20240729-01:42:35 training: 9216 / 105000
20240729-01:42:36 training: 9728 / 105000
20240729-01:42:36 training: 10240 / 105000
20240729-01:42:36 training: 10752 / 105000
20240729-01:42:36 training: 11264 / 105000
20240729-01:42:36 training: 11776 / 105000
20240729-01:42:36 training: 12288 / 105000
20240729-01:42:37 training: 12800 / 105000
20240729-01:42:37 training: 13312 / 105000
20240729-01:42:37 training: 13824 / 105000
20240729-01:42:37 training: 14336 / 105000
20240729-01:42:37 training: 14848 / 105000
20240729-01:42:38 training: 15360 / 105000
20240729-01:42:38 training: 15872 / 105000
20240729-01:42:38 training: 16384 / 105000
20240729-01:42:38 training: 16896 / 105000
20240729-01:42:38 training: 17408 / 105000
20240729-01:42:38 training: 17920 / 105000
20240729-01:42:39 training: 18432 / 105000
20240729-01:42:39 training: 18944 / 105000
20240729-01:42:39 training: 19456 / 105000
20240729-01:42:39 training: 19968 / 105000
20240729-01:42:39 training: 20480 / 105000
20240729-01:42:40 training: 20992 / 105000
20240729-01:42:40 training: 21504 / 105000
20240729-01:42:40 training: 22016 / 105000
20240729-01:42:40 training: 22528 / 105000
20240729-01:42:40 training: 23040 / 105000
20240729-01:42:40 training: 23552 / 105000
20240729-01:42:41 training: 24064 / 105000
20240729-01:42:41 training: 24576 / 105000
20240729-01:42:41 training: 25088 / 105000
20240729-01:42:41 training: 25600 / 105000
20240729-01:42:41 training: 26112 / 105000
20240729-01:42:42 training: 26624 / 105000
20240729-01:42:42 training: 27136 / 105000
20240729-01:42:42 training: 27648 / 105000
20240729-01:42:42 training: 28160 / 105000
20240729-01:42:42 training: 28672 / 105000
20240729-01:42:42 training: 29184 / 105000
20240729-01:42:43 training: 29696 / 105000
20240729-01:42:43 training: 30208 / 105000
20240729-01:42:43 training: 30720 / 105000
20240729-01:42:43 training: 31232 / 105000
20240729-01:42:43 training: 31744 / 105000
20240729-01:42:44 training: 32256 / 105000
20240729-01:42:44 training: 32768 / 105000
20240729-01:42:44 training: 33280 / 105000
20240729-01:42:44 training: 33792 / 105000
20240729-01:42:44 training: 34304 / 105000
20240729-01:42:44 training: 34816 / 105000
20240729-01:42:45 training: 35328 / 105000
20240729-01:42:45 training: 35840 / 105000
20240729-01:42:45 training: 36352 / 105000
20240729-01:42:45 training: 36864 / 105000
20240729-01:42:45 training: 37376 / 105000
20240729-01:42:46 training: 37888 / 105000
20240729-01:42:46 training: 38400 / 105000
20240729-01:42:46 training: 38912 / 105000
20240729-01:42:46 training: 39424 / 105000
20240729-01:42:46 training: 39936 / 105000
20240729-01:42:46 training: 40448 / 105000
20240729-01:42:47 training: 40960 / 105000
20240729-01:42:47 training: 41472 / 105000
20240729-01:42:47 training: 41984 / 105000
20240729-01:42:47 training: 42496 / 105000
20240729-01:42:47 training: 43008 / 105000
20240729-01:42:48 training: 43520 / 105000
20240729-01:42:48 training: 44032 / 105000
20240729-01:42:48 training: 44544 / 105000
20240729-01:42:48 training: 45056 / 105000
20240729-01:42:48 training: 45568 / 105000
20240729-01:42:48 training: 46080 / 105000
20240729-01:42:49 training: 46592 / 105000
20240729-01:42:49 training: 47104 / 105000
20240729-01:42:49 training: 47616 / 105000
20240729-01:42:49 training: 48128 / 105000
20240729-01:42:49 training: 48640 / 105000
20240729-01:42:50 training: 49152 / 105000
20240729-01:42:50 training: 49664 / 105000
20240729-01:42:50 training: 50176 / 105000
20240729-01:42:50 training: 50688 / 105000
20240729-01:42:50 training: 51200 / 105000
20240729-01:42:50 training: 51712 / 105000
20240729-01:42:51 training: 52224 / 105000
20240729-01:42:51 training: 52736 / 105000
20240729-01:42:51 training: 53248 / 105000
20240729-01:42:51 training: 53760 / 105000
20240729-01:42:51 training: 54272 / 105000
20240729-01:42:52 training: 54784 / 105000
20240729-01:42:52 training: 55296 / 105000
20240729-01:42:52 training: 55808 / 105000
20240729-01:42:52 training: 56320 / 105000
20240729-01:42:52 training: 56832 / 105000
20240729-01:42:53 training: 57344 / 105000
20240729-01:42:53 training: 57856 / 105000
20240729-01:42:53 training: 58368 / 105000
20240729-01:42:53 training: 58880 / 105000
20240729-01:42:53 training: 59392 / 105000
20240729-01:42:53 training: 59904 / 105000
20240729-01:42:54 training: 60416 / 105000
20240729-01:42:54 training: 60928 / 105000
20240729-01:42:54 training: 61440 / 105000
20240729-01:42:54 training: 61952 / 105000
20240729-01:42:54 training: 62464 / 105000
20240729-01:42:55 training: 62976 / 105000
20240729-01:42:55 training: 63488 / 105000
20240729-01:42:55 training: 64000 / 105000
20240729-01:42:55 training: 64512 / 105000
20240729-01:42:55 training: 65024 / 105000
20240729-01:42:55 training: 65536 / 105000
20240729-01:42:56 training: 66048 / 105000
20240729-01:42:56 training: 66560 / 105000
20240729-01:42:56 training: 67072 / 105000
20240729-01:42:56 training: 67584 / 105000
20240729-01:42:56 training: 68096 / 105000
20240729-01:42:56 training: 68608 / 105000
20240729-01:42:57 training: 69120 / 105000
20240729-01:42:57 training: 69632 / 105000
20240729-01:42:57 training: 70144 / 105000
20240729-01:42:57 training: 70656 / 105000
20240729-01:42:57 training: 71168 / 105000
20240729-01:42:58 training: 71680 / 105000
20240729-01:42:58 training: 72192 / 105000
20240729-01:42:58 training: 72704 / 105000
20240729-01:42:58 training: 73216 / 105000
20240729-01:42:58 training: 73728 / 105000
20240729-01:42:59 training: 74240 / 105000
20240729-01:42:59 training: 74752 / 105000
20240729-01:42:59 training: 75264 / 105000
20240729-01:42:59 training: 75776 / 105000
20240729-01:42:59 training: 76288 / 105000
20240729-01:42:59 training: 76800 / 105000
20240729-01:43:00 training: 77312 / 105000
20240729-01:43:00 training: 77824 / 105000
20240729-01:43:00 training: 78336 / 105000
20240729-01:43:00 training: 78848 / 105000
20240729-01:43:00 training: 79360 / 105000
20240729-01:43:01 training: 79872 / 105000
20240729-01:43:01 training: 80384 / 105000
20240729-01:43:01 training: 80896 / 105000
20240729-01:43:01 training: 81408 / 105000
20240729-01:43:01 training: 81920 / 105000
20240729-01:43:01 training: 82432 / 105000
20240729-01:43:02 training: 82944 / 105000
20240729-01:43:02 training: 83456 / 105000
20240729-01:43:02 training: 83968 / 105000
20240729-01:43:02 training: 84480 / 105000
20240729-01:43:02 training: 84992 / 105000
20240729-01:43:03 training: 85504 / 105000
20240729-01:43:03 training: 86016 / 105000
20240729-01:43:03 training: 86528 / 105000
20240729-01:43:03 training: 87040 / 105000
20240729-01:43:03 training: 87552 / 105000
20240729-01:43:03 training: 88064 / 105000
20240729-01:43:04 training: 88576 / 105000
20240729-01:43:04 training: 89088 / 105000
20240729-01:43:04 training: 89600 / 105000
20240729-01:43:04 training: 90112 / 105000
20240729-01:43:04 training: 90624 / 105000
20240729-01:43:05 training: 91136 / 105000
20240729-01:43:05 training: 91648 / 105000
20240729-01:43:05 training: 92160 / 105000
20240729-01:43:05 training: 92672 / 105000
20240729-01:43:05 training: 93184 / 105000
20240729-01:43:05 training: 93696 / 105000
20240729-01:43:06 training: 94208 / 105000
20240729-01:43:06 training: 94720 / 105000
20240729-01:43:06 training: 95232 / 105000
20240729-01:43:06 training: 95744 / 105000
20240729-01:43:06 training: 96256 / 105000
20240729-01:43:07 training: 96768 / 105000
20240729-01:43:07 training: 97280 / 105000
20240729-01:43:07 training: 97792 / 105000
20240729-01:43:07 training: 98304 / 105000
20240729-01:43:07 training: 98816 / 105000
20240729-01:43:08 training: 99328 / 105000
20240729-01:43:08 training: 99840 / 105000
20240729-01:43:08 training: 100352 / 105000
20240729-01:43:08 training: 100864 / 105000
20240729-01:43:08 training: 101376 / 105000
20240729-01:43:09 training: 101888 / 105000
20240729-01:43:09 training: 102400 / 105000
20240729-01:43:09 training: 102912 / 105000
20240729-01:43:09 training: 103424 / 105000
20240729-01:43:09 training: 103936 / 105000
20240729-01:43:09 training: 104448 / 105000
20240729-01:43:10 training: 104960 / 105000
20240729-01:43:10 training: 105000 / 105000
20240729-01:43:10     total_loss: 5.7401 time: 0m 38s
20240729-01:43:10 Saving checkpoint: 77
20240729-01:43:10 Train Epoch: 78/80 ...
20240729-01:43:11 training: 512 / 105000
20240729-01:43:11 training: 1024 / 105000
20240729-01:43:11 training: 1536 / 105000
20240729-01:43:11 training: 2048 / 105000
20240729-01:43:12 training: 2560 / 105000
20240729-01:43:12 training: 3072 / 105000
20240729-01:43:12 training: 3584 / 105000
20240729-01:43:12 training: 4096 / 105000
20240729-01:43:12 training: 4608 / 105000
20240729-01:43:12 training: 5120 / 105000
20240729-01:43:13 training: 5632 / 105000
20240729-01:43:13 training: 6144 / 105000
20240729-01:43:13 training: 6656 / 105000
20240729-01:43:13 training: 7168 / 105000
20240729-01:43:13 training: 7680 / 105000
20240729-01:43:14 training: 8192 / 105000
20240729-01:43:14 training: 8704 / 105000
20240729-01:43:14 training: 9216 / 105000
20240729-01:43:14 training: 9728 / 105000
20240729-01:43:14 training: 10240 / 105000
20240729-01:43:14 training: 10752 / 105000
20240729-01:43:15 training: 11264 / 105000
20240729-01:43:15 training: 11776 / 105000
20240729-01:43:15 training: 12288 / 105000
20240729-01:43:15 training: 12800 / 105000
20240729-01:43:15 training: 13312 / 105000
20240729-01:43:16 training: 13824 / 105000
20240729-01:43:16 training: 14336 / 105000
20240729-01:43:16 training: 14848 / 105000
20240729-01:43:16 training: 15360 / 105000
20240729-01:43:16 training: 15872 / 105000
20240729-01:43:16 training: 16384 / 105000
20240729-01:43:17 training: 16896 / 105000
20240729-01:43:17 training: 17408 / 105000
20240729-01:43:17 training: 17920 / 105000
20240729-01:43:17 training: 18432 / 105000
20240729-01:43:17 training: 18944 / 105000
20240729-01:43:18 training: 19456 / 105000
20240729-01:43:18 training: 19968 / 105000
20240729-01:43:18 training: 20480 / 105000
20240729-01:43:18 training: 20992 / 105000
20240729-01:43:18 training: 21504 / 105000
20240729-01:43:18 training: 22016 / 105000
20240729-01:43:19 training: 22528 / 105000
20240729-01:43:19 training: 23040 / 105000
20240729-01:43:19 training: 23552 / 105000
20240729-01:43:19 training: 24064 / 105000
20240729-01:43:19 training: 24576 / 105000
20240729-01:43:20 training: 25088 / 105000
20240729-01:43:20 training: 25600 / 105000
20240729-01:43:20 training: 26112 / 105000
20240729-01:43:20 training: 26624 / 105000
20240729-01:43:20 training: 27136 / 105000
20240729-01:43:20 training: 27648 / 105000
20240729-01:43:21 training: 28160 / 105000
20240729-01:43:21 training: 28672 / 105000
20240729-01:43:21 training: 29184 / 105000
20240729-01:43:21 training: 29696 / 105000
20240729-01:43:21 training: 30208 / 105000
20240729-01:43:22 training: 30720 / 105000
20240729-01:43:22 training: 31232 / 105000
20240729-01:43:22 training: 31744 / 105000
20240729-01:43:22 training: 32256 / 105000
20240729-01:43:22 training: 32768 / 105000
20240729-01:43:22 training: 33280 / 105000
20240729-01:43:23 training: 33792 / 105000
20240729-01:43:23 training: 34304 / 105000
20240729-01:43:23 training: 34816 / 105000
20240729-01:43:23 training: 35328 / 105000
20240729-01:43:23 training: 35840 / 105000
20240729-01:43:24 training: 36352 / 105000
20240729-01:43:24 training: 36864 / 105000
20240729-01:43:24 training: 37376 / 105000
20240729-01:43:24 training: 37888 / 105000
20240729-01:43:24 training: 38400 / 105000
20240729-01:43:25 training: 38912 / 105000
20240729-01:43:25 training: 39424 / 105000
20240729-01:43:25 training: 39936 / 105000
20240729-01:43:25 training: 40448 / 105000
20240729-01:43:25 training: 40960 / 105000
20240729-01:43:25 training: 41472 / 105000
20240729-01:43:26 training: 41984 / 105000
20240729-01:43:26 training: 42496 / 105000
20240729-01:43:26 training: 43008 / 105000
20240729-01:43:26 training: 43520 / 105000
20240729-01:43:26 training: 44032 / 105000
20240729-01:43:27 training: 44544 / 105000
20240729-01:43:27 training: 45056 / 105000
20240729-01:43:27 training: 45568 / 105000
20240729-01:43:27 training: 46080 / 105000
20240729-01:43:27 training: 46592 / 105000
20240729-01:43:27 training: 47104 / 105000
20240729-01:43:28 training: 47616 / 105000
20240729-01:43:28 training: 48128 / 105000
20240729-01:43:28 training: 48640 / 105000
20240729-01:43:28 training: 49152 / 105000
20240729-01:43:28 training: 49664 / 105000
20240729-01:43:29 training: 50176 / 105000
20240729-01:43:29 training: 50688 / 105000
20240729-01:43:29 training: 51200 / 105000
20240729-01:43:29 training: 51712 / 105000
20240729-01:43:29 training: 52224 / 105000
20240729-01:43:30 training: 52736 / 105000
20240729-01:43:30 training: 53248 / 105000
20240729-01:43:30 training: 53760 / 105000
20240729-01:43:30 training: 54272 / 105000
20240729-01:43:30 training: 54784 / 105000
20240729-01:43:30 training: 55296 / 105000
20240729-01:43:31 training: 55808 / 105000
20240729-01:43:31 training: 56320 / 105000
20240729-01:43:31 training: 56832 / 105000
20240729-01:43:31 training: 57344 / 105000
20240729-01:43:31 training: 57856 / 105000
20240729-01:43:32 training: 58368 / 105000
20240729-01:43:32 training: 58880 / 105000
20240729-01:43:32 training: 59392 / 105000
20240729-01:43:32 training: 59904 / 105000
20240729-01:43:32 training: 60416 / 105000
20240729-01:43:33 training: 60928 / 105000
20240729-01:43:33 training: 61440 / 105000
20240729-01:43:33 training: 61952 / 105000
20240729-01:43:33 training: 62464 / 105000
20240729-01:43:33 training: 62976 / 105000
20240729-01:43:33 training: 63488 / 105000
20240729-01:43:34 training: 64000 / 105000
20240729-01:43:34 training: 64512 / 105000
20240729-01:43:34 training: 65024 / 105000
20240729-01:43:34 training: 65536 / 105000
20240729-01:43:34 training: 66048 / 105000
20240729-01:43:35 training: 66560 / 105000
20240729-01:43:35 training: 67072 / 105000
20240729-01:43:35 training: 67584 / 105000
20240729-01:43:35 training: 68096 / 105000
20240729-01:43:35 training: 68608 / 105000
20240729-01:43:35 training: 69120 / 105000
20240729-01:43:36 training: 69632 / 105000
20240729-01:43:36 training: 70144 / 105000
20240729-01:43:36 training: 70656 / 105000
20240729-01:43:36 training: 71168 / 105000
20240729-01:43:36 training: 71680 / 105000
20240729-01:43:37 training: 72192 / 105000
20240729-01:43:37 training: 72704 / 105000
20240729-01:43:37 training: 73216 / 105000
20240729-01:43:37 training: 73728 / 105000
20240729-01:43:37 training: 74240 / 105000
20240729-01:43:37 training: 74752 / 105000
20240729-01:43:38 training: 75264 / 105000
20240729-01:43:38 training: 75776 / 105000
20240729-01:43:38 training: 76288 / 105000
20240729-01:43:38 training: 76800 / 105000
20240729-01:43:38 training: 77312 / 105000
20240729-01:43:39 training: 77824 / 105000
20240729-01:43:39 training: 78336 / 105000
20240729-01:43:39 training: 78848 / 105000
20240729-01:43:39 training: 79360 / 105000
20240729-01:43:39 training: 79872 / 105000
20240729-01:43:39 training: 80384 / 105000
20240729-01:43:40 training: 80896 / 105000
20240729-01:43:40 training: 81408 / 105000
20240729-01:43:40 training: 81920 / 105000
20240729-01:43:40 training: 82432 / 105000
20240729-01:43:40 training: 82944 / 105000
20240729-01:43:41 training: 83456 / 105000
20240729-01:43:41 training: 83968 / 105000
20240729-01:43:41 training: 84480 / 105000
20240729-01:43:41 training: 84992 / 105000
20240729-01:43:41 training: 85504 / 105000
20240729-01:43:42 training: 86016 / 105000
20240729-01:43:42 training: 86528 / 105000
20240729-01:43:42 training: 87040 / 105000
20240729-01:43:42 training: 87552 / 105000
20240729-01:43:42 training: 88064 / 105000
20240729-01:43:42 training: 88576 / 105000
20240729-01:43:43 training: 89088 / 105000
20240729-01:43:43 training: 89600 / 105000
20240729-01:43:43 training: 90112 / 105000
20240729-01:43:43 training: 90624 / 105000
20240729-01:43:43 training: 91136 / 105000
20240729-01:43:44 training: 91648 / 105000
20240729-01:43:44 training: 92160 / 105000
20240729-01:43:44 training: 92672 / 105000
20240729-01:43:44 training: 93184 / 105000
20240729-01:43:44 training: 93696 / 105000
20240729-01:43:44 training: 94208 / 105000
20240729-01:43:45 training: 94720 / 105000
20240729-01:43:45 training: 95232 / 105000
20240729-01:43:45 training: 95744 / 105000
20240729-01:43:45 training: 96256 / 105000
20240729-01:43:46 training: 96768 / 105000
20240729-01:43:46 training: 97280 / 105000
20240729-01:43:46 training: 97792 / 105000
20240729-01:43:46 training: 98304 / 105000
20240729-01:43:46 training: 98816 / 105000
20240729-01:43:46 training: 99328 / 105000
20240729-01:43:47 training: 99840 / 105000
20240729-01:43:47 training: 100352 / 105000
20240729-01:43:47 training: 100864 / 105000
20240729-01:43:47 training: 101376 / 105000
20240729-01:43:47 training: 101888 / 105000
20240729-01:43:48 training: 102400 / 105000
20240729-01:43:48 training: 102912 / 105000
20240729-01:43:48 training: 103424 / 105000
20240729-01:43:48 training: 103936 / 105000
20240729-01:43:48 training: 104448 / 105000
20240729-01:43:48 training: 104960 / 105000
20240729-01:43:49 training: 105000 / 105000
20240729-01:43:49     total_loss: 5.4110 time: 0m 39s
20240729-01:43:49 Test Epoch: 78 ...
20240729-01:44:11     ave: 99.1167
20240729-01:44:11 Saving checkpoint: 78
20240729-01:44:11 Train Epoch: 79/80 ...
20240729-01:44:12 training: 512 / 105000
20240729-01:44:12 training: 1024 / 105000
20240729-01:44:12 training: 1536 / 105000
20240729-01:44:12 training: 2048 / 105000
20240729-01:44:13 training: 2560 / 105000
20240729-01:44:13 training: 3072 / 105000
20240729-01:44:13 training: 3584 / 105000
20240729-01:44:13 training: 4096 / 105000
20240729-01:44:13 training: 4608 / 105000
20240729-01:44:14 training: 5120 / 105000
20240729-01:44:14 training: 5632 / 105000
20240729-01:44:14 training: 6144 / 105000
20240729-01:44:14 training: 6656 / 105000
20240729-01:44:14 training: 7168 / 105000
20240729-01:44:14 training: 7680 / 105000
20240729-01:44:15 training: 8192 / 105000
20240729-01:44:15 training: 8704 / 105000
20240729-01:44:15 training: 9216 / 105000
20240729-01:44:15 training: 9728 / 105000
20240729-01:44:15 training: 10240 / 105000
20240729-01:44:16 training: 10752 / 105000
20240729-01:44:16 training: 11264 / 105000
20240729-01:44:16 training: 11776 / 105000
20240729-01:44:16 training: 12288 / 105000
20240729-01:44:16 training: 12800 / 105000
20240729-01:44:17 training: 13312 / 105000
20240729-01:44:17 training: 13824 / 105000
20240729-01:44:17 training: 14336 / 105000
20240729-01:44:17 training: 14848 / 105000
20240729-01:44:17 training: 15360 / 105000
20240729-01:44:17 training: 15872 / 105000
20240729-01:44:18 training: 16384 / 105000
20240729-01:44:18 training: 16896 / 105000
20240729-01:44:18 training: 17408 / 105000
20240729-01:44:18 training: 17920 / 105000
20240729-01:44:18 training: 18432 / 105000
20240729-01:44:19 training: 18944 / 105000
20240729-01:44:19 training: 19456 / 105000
20240729-01:44:19 training: 19968 / 105000
20240729-01:44:19 training: 20480 / 105000
20240729-01:44:19 training: 20992 / 105000
20240729-01:44:20 training: 21504 / 105000
20240729-01:44:20 training: 22016 / 105000
20240729-01:44:20 training: 22528 / 105000
20240729-01:44:20 training: 23040 / 105000
20240729-01:44:20 training: 23552 / 105000
20240729-01:44:21 training: 24064 / 105000
20240729-01:44:21 training: 24576 / 105000
20240729-01:44:21 training: 25088 / 105000
20240729-01:44:21 training: 25600 / 105000
20240729-01:44:21 training: 26112 / 105000
20240729-01:44:21 training: 26624 / 105000
20240729-01:44:22 training: 27136 / 105000
20240729-01:44:22 training: 27648 / 105000
20240729-01:44:22 training: 28160 / 105000
20240729-01:44:22 training: 28672 / 105000
20240729-01:44:22 training: 29184 / 105000
20240729-01:44:23 training: 29696 / 105000
20240729-01:44:23 training: 30208 / 105000
20240729-01:44:23 training: 30720 / 105000
20240729-01:44:23 training: 31232 / 105000
20240729-01:44:23 training: 31744 / 105000
20240729-01:44:23 training: 32256 / 105000
20240729-01:44:24 training: 32768 / 105000
20240729-01:44:24 training: 33280 / 105000
20240729-01:44:24 training: 33792 / 105000
20240729-01:44:24 training: 34304 / 105000
20240729-01:44:24 training: 34816 / 105000
20240729-01:44:25 training: 35328 / 105000
20240729-01:44:25 training: 35840 / 105000
20240729-01:44:25 training: 36352 / 105000
20240729-01:44:25 training: 36864 / 105000
20240729-01:44:25 training: 37376 / 105000
20240729-01:44:25 training: 37888 / 105000
20240729-01:44:26 training: 38400 / 105000
20240729-01:44:26 training: 38912 / 105000
20240729-01:44:26 training: 39424 / 105000
20240729-01:44:26 training: 39936 / 105000
20240729-01:44:26 training: 40448 / 105000
20240729-01:44:27 training: 40960 / 105000
20240729-01:44:27 training: 41472 / 105000
20240729-01:44:27 training: 41984 / 105000
20240729-01:44:27 training: 42496 / 105000
20240729-01:44:27 training: 43008 / 105000
20240729-01:44:28 training: 43520 / 105000
20240729-01:44:28 training: 44032 / 105000
20240729-01:44:28 training: 44544 / 105000
20240729-01:44:28 training: 45056 / 105000
20240729-01:44:28 training: 45568 / 105000
20240729-01:44:28 training: 46080 / 105000
20240729-01:44:29 training: 46592 / 105000
20240729-01:44:29 training: 47104 / 105000
20240729-01:44:29 training: 47616 / 105000
20240729-01:44:29 training: 48128 / 105000
20240729-01:44:29 training: 48640 / 105000
20240729-01:44:30 training: 49152 / 105000
20240729-01:44:30 training: 49664 / 105000
20240729-01:44:30 training: 50176 / 105000
20240729-01:44:30 training: 50688 / 105000
20240729-01:44:30 training: 51200 / 105000
20240729-01:44:30 training: 51712 / 105000
20240729-01:44:31 training: 52224 / 105000
20240729-01:44:31 training: 52736 / 105000
20240729-01:44:31 training: 53248 / 105000
20240729-01:44:31 training: 53760 / 105000
20240729-01:44:31 training: 54272 / 105000
20240729-01:44:32 training: 54784 / 105000
20240729-01:44:32 training: 55296 / 105000
20240729-01:44:32 training: 55808 / 105000
20240729-01:44:32 training: 56320 / 105000
20240729-01:44:32 training: 56832 / 105000
20240729-01:44:32 training: 57344 / 105000
20240729-01:44:33 training: 57856 / 105000
20240729-01:44:33 training: 58368 / 105000
20240729-01:44:33 training: 58880 / 105000
20240729-01:44:33 training: 59392 / 105000
20240729-01:44:33 training: 59904 / 105000
20240729-01:44:34 training: 60416 / 105000
20240729-01:44:34 training: 60928 / 105000
20240729-01:44:34 training: 61440 / 105000
20240729-01:44:34 training: 61952 / 105000
20240729-01:44:34 training: 62464 / 105000
20240729-01:44:34 training: 62976 / 105000
20240729-01:44:35 training: 63488 / 105000
20240729-01:44:35 training: 64000 / 105000
20240729-01:44:35 training: 64512 / 105000
20240729-01:44:35 training: 65024 / 105000
20240729-01:44:35 training: 65536 / 105000
20240729-01:44:36 training: 66048 / 105000
20240729-01:44:36 training: 66560 / 105000
20240729-01:44:36 training: 67072 / 105000
20240729-01:44:36 training: 67584 / 105000
20240729-01:44:36 training: 68096 / 105000
20240729-01:44:36 training: 68608 / 105000
20240729-01:44:37 training: 69120 / 105000
20240729-01:44:37 training: 69632 / 105000
20240729-01:44:37 training: 70144 / 105000
20240729-01:44:37 training: 70656 / 105000
20240729-01:44:37 training: 71168 / 105000
20240729-01:44:38 training: 71680 / 105000
20240729-01:44:38 training: 72192 / 105000
20240729-01:44:38 training: 72704 / 105000
20240729-01:44:38 training: 73216 / 105000
20240729-01:44:38 training: 73728 / 105000
20240729-01:44:39 training: 74240 / 105000
20240729-01:44:39 training: 74752 / 105000
20240729-01:44:39 training: 75264 / 105000
20240729-01:44:39 training: 75776 / 105000
20240729-01:44:39 training: 76288 / 105000
20240729-01:44:39 training: 76800 / 105000
20240729-01:44:40 training: 77312 / 105000
20240729-01:44:40 training: 77824 / 105000
20240729-01:44:40 training: 78336 / 105000
20240729-01:44:40 training: 78848 / 105000
20240729-01:44:40 training: 79360 / 105000
20240729-01:44:41 training: 79872 / 105000
20240729-01:44:41 training: 80384 / 105000
20240729-01:44:41 training: 80896 / 105000
20240729-01:44:41 training: 81408 / 105000
20240729-01:44:41 training: 81920 / 105000
20240729-01:44:41 training: 82432 / 105000
20240729-01:44:42 training: 82944 / 105000
20240729-01:44:42 training: 83456 / 105000
20240729-01:44:42 training: 83968 / 105000
20240729-01:44:42 training: 84480 / 105000
20240729-01:44:42 training: 84992 / 105000
20240729-01:44:43 training: 85504 / 105000
20240729-01:44:43 training: 86016 / 105000
20240729-01:44:43 training: 86528 / 105000
20240729-01:44:43 training: 87040 / 105000
20240729-01:44:43 training: 87552 / 105000
20240729-01:44:43 training: 88064 / 105000
20240729-01:44:44 training: 88576 / 105000
20240729-01:44:44 training: 89088 / 105000
20240729-01:44:44 training: 89600 / 105000
20240729-01:44:44 training: 90112 / 105000
20240729-01:44:44 training: 90624 / 105000
20240729-01:44:45 training: 91136 / 105000
20240729-01:44:45 training: 91648 / 105000
20240729-01:44:45 training: 92160 / 105000
20240729-01:44:45 training: 92672 / 105000
20240729-01:44:45 training: 93184 / 105000
20240729-01:44:45 training: 93696 / 105000
20240729-01:44:46 training: 94208 / 105000
20240729-01:44:46 training: 94720 / 105000
20240729-01:44:46 training: 95232 / 105000
20240729-01:44:46 training: 95744 / 105000
20240729-01:44:46 training: 96256 / 105000
20240729-01:44:47 training: 96768 / 105000
20240729-01:44:47 training: 97280 / 105000
20240729-01:44:47 training: 97792 / 105000
20240729-01:44:47 training: 98304 / 105000
20240729-01:44:47 training: 98816 / 105000
20240729-01:44:48 training: 99328 / 105000
20240729-01:44:48 training: 99840 / 105000
20240729-01:44:48 training: 100352 / 105000
20240729-01:44:48 training: 100864 / 105000
20240729-01:44:48 training: 101376 / 105000
20240729-01:44:48 training: 101888 / 105000
20240729-01:44:49 training: 102400 / 105000
20240729-01:44:49 training: 102912 / 105000
20240729-01:44:49 training: 103424 / 105000
20240729-01:44:49 training: 103936 / 105000
20240729-01:44:49 training: 104448 / 105000
20240729-01:44:50 training: 104960 / 105000
20240729-01:44:50 training: 105000 / 105000
20240729-01:44:50     total_loss: 5.1477 time: 0m 39s
20240729-01:44:50 Saving checkpoint: 79
20240729-01:44:50 Train Epoch: 80/80 ...
20240729-01:44:51 training: 512 / 105000
20240729-01:44:51 training: 1024 / 105000
20240729-01:44:51 training: 1536 / 105000
20240729-01:44:51 training: 2048 / 105000
20240729-01:44:52 training: 2560 / 105000
20240729-01:44:52 training: 3072 / 105000
20240729-01:44:52 training: 3584 / 105000
20240729-01:44:52 training: 4096 / 105000
20240729-01:44:52 training: 4608 / 105000
20240729-01:44:52 training: 5120 / 105000
20240729-01:44:53 training: 5632 / 105000
20240729-01:44:53 training: 6144 / 105000
20240729-01:44:53 training: 6656 / 105000
20240729-01:44:53 training: 7168 / 105000
20240729-01:44:53 training: 7680 / 105000
20240729-01:44:54 training: 8192 / 105000
20240729-01:44:54 training: 8704 / 105000
20240729-01:44:54 training: 9216 / 105000
20240729-01:44:54 training: 9728 / 105000
20240729-01:44:54 training: 10240 / 105000
20240729-01:44:54 training: 10752 / 105000
20240729-01:44:55 training: 11264 / 105000
20240729-01:44:55 training: 11776 / 105000
20240729-01:44:55 training: 12288 / 105000
20240729-01:44:55 training: 12800 / 105000
20240729-01:44:55 training: 13312 / 105000
20240729-01:44:56 training: 13824 / 105000
20240729-01:44:56 training: 14336 / 105000
20240729-01:44:56 training: 14848 / 105000
20240729-01:44:56 training: 15360 / 105000
20240729-01:44:56 training: 15872 / 105000
20240729-01:44:57 training: 16384 / 105000
20240729-01:44:57 training: 16896 / 105000
20240729-01:44:57 training: 17408 / 105000
20240729-01:44:57 training: 17920 / 105000
20240729-01:44:57 training: 18432 / 105000
20240729-01:44:58 training: 18944 / 105000
20240729-01:44:58 training: 19456 / 105000
20240729-01:44:58 training: 19968 / 105000
20240729-01:44:58 training: 20480 / 105000
20240729-01:44:58 training: 20992 / 105000
20240729-01:44:58 training: 21504 / 105000
20240729-01:44:59 training: 22016 / 105000
20240729-01:44:59 training: 22528 / 105000
20240729-01:44:59 training: 23040 / 105000
20240729-01:44:59 training: 23552 / 105000
20240729-01:44:59 training: 24064 / 105000
20240729-01:45:00 training: 24576 / 105000
20240729-01:45:00 training: 25088 / 105000
20240729-01:45:00 training: 25600 / 105000
20240729-01:45:00 training: 26112 / 105000
20240729-01:45:00 training: 26624 / 105000
20240729-01:45:00 training: 27136 / 105000
20240729-01:45:01 training: 27648 / 105000
20240729-01:45:01 training: 28160 / 105000
20240729-01:45:01 training: 28672 / 105000
20240729-01:45:01 training: 29184 / 105000
20240729-01:45:01 training: 29696 / 105000
20240729-01:45:02 training: 30208 / 105000
20240729-01:45:02 training: 30720 / 105000
20240729-01:45:02 training: 31232 / 105000
20240729-01:45:02 training: 31744 / 105000
20240729-01:45:02 training: 32256 / 105000
20240729-01:45:02 training: 32768 / 105000
20240729-01:45:03 training: 33280 / 105000
20240729-01:45:03 training: 33792 / 105000
20240729-01:45:03 training: 34304 / 105000
20240729-01:45:03 training: 34816 / 105000
20240729-01:45:03 training: 35328 / 105000
20240729-01:45:04 training: 35840 / 105000
20240729-01:45:04 training: 36352 / 105000
20240729-01:45:04 training: 36864 / 105000
20240729-01:45:04 training: 37376 / 105000
20240729-01:45:04 training: 37888 / 105000
20240729-01:45:04 training: 38400 / 105000
20240729-01:45:05 training: 38912 / 105000
20240729-01:45:05 training: 39424 / 105000
20240729-01:45:05 training: 39936 / 105000
20240729-01:45:05 training: 40448 / 105000
20240729-01:45:05 training: 40960 / 105000
20240729-01:45:06 training: 41472 / 105000
20240729-01:45:06 training: 41984 / 105000
20240729-01:45:06 training: 42496 / 105000
20240729-01:45:06 training: 43008 / 105000
20240729-01:45:06 training: 43520 / 105000
20240729-01:45:06 training: 44032 / 105000
20240729-01:45:07 training: 44544 / 105000
20240729-01:45:07 training: 45056 / 105000
20240729-01:45:07 training: 45568 / 105000
20240729-01:45:07 training: 46080 / 105000
20240729-01:45:07 training: 46592 / 105000
20240729-01:45:08 training: 47104 / 105000
20240729-01:45:08 training: 47616 / 105000
20240729-01:45:08 training: 48128 / 105000
20240729-01:45:08 training: 48640 / 105000
20240729-01:45:08 training: 49152 / 105000
20240729-01:45:09 training: 49664 / 105000
20240729-01:45:09 training: 50176 / 105000
20240729-01:45:09 training: 50688 / 105000
20240729-01:45:09 training: 51200 / 105000
20240729-01:45:09 training: 51712 / 105000
20240729-01:45:09 training: 52224 / 105000
20240729-01:45:10 training: 52736 / 105000
20240729-01:45:10 training: 53248 / 105000
20240729-01:45:10 training: 53760 / 105000
20240729-01:45:10 training: 54272 / 105000
20240729-01:45:10 training: 54784 / 105000
20240729-01:45:11 training: 55296 / 105000
20240729-01:45:11 training: 55808 / 105000
20240729-01:45:11 training: 56320 / 105000
20240729-01:45:11 training: 56832 / 105000
20240729-01:45:11 training: 57344 / 105000
20240729-01:45:11 training: 57856 / 105000
20240729-01:45:12 training: 58368 / 105000
20240729-01:45:12 training: 58880 / 105000
20240729-01:45:12 training: 59392 / 105000
20240729-01:45:12 training: 59904 / 105000
20240729-01:45:12 training: 60416 / 105000
20240729-01:45:13 training: 60928 / 105000
20240729-01:45:13 training: 61440 / 105000
20240729-01:45:13 training: 61952 / 105000
20240729-01:45:13 training: 62464 / 105000
20240729-01:45:13 training: 62976 / 105000
20240729-01:45:13 training: 63488 / 105000
20240729-01:45:14 training: 64000 / 105000
20240729-01:45:14 training: 64512 / 105000
20240729-01:45:14 training: 65024 / 105000
20240729-01:45:14 training: 65536 / 105000
20240729-01:45:14 training: 66048 / 105000
20240729-01:45:15 training: 66560 / 105000
20240729-01:45:15 training: 67072 / 105000
20240729-01:45:15 training: 67584 / 105000
20240729-01:45:15 training: 68096 / 105000
20240729-01:45:15 training: 68608 / 105000
20240729-01:45:15 training: 69120 / 105000
20240729-01:45:16 training: 69632 / 105000
20240729-01:45:16 training: 70144 / 105000
20240729-01:45:16 training: 70656 / 105000
20240729-01:45:16 training: 71168 / 105000
20240729-01:45:16 training: 71680 / 105000
20240729-01:45:17 training: 72192 / 105000
20240729-01:45:17 training: 72704 / 105000
20240729-01:45:17 training: 73216 / 105000
20240729-01:45:17 training: 73728 / 105000
20240729-01:45:17 training: 74240 / 105000
20240729-01:45:18 training: 74752 / 105000
20240729-01:45:18 training: 75264 / 105000
20240729-01:45:18 training: 75776 / 105000
20240729-01:45:18 training: 76288 / 105000
20240729-01:45:18 training: 76800 / 105000
20240729-01:45:18 training: 77312 / 105000
20240729-01:45:19 training: 77824 / 105000
20240729-01:45:19 training: 78336 / 105000
20240729-01:45:19 training: 78848 / 105000
20240729-01:45:19 training: 79360 / 105000
20240729-01:45:19 training: 79872 / 105000
20240729-01:45:20 training: 80384 / 105000
20240729-01:45:20 training: 80896 / 105000
20240729-01:45:20 training: 81408 / 105000
20240729-01:45:20 training: 81920 / 105000
20240729-01:45:20 training: 82432 / 105000
20240729-01:45:20 training: 82944 / 105000
20240729-01:45:21 training: 83456 / 105000
20240729-01:45:21 training: 83968 / 105000
20240729-01:45:21 training: 84480 / 105000
20240729-01:45:21 training: 84992 / 105000
20240729-01:45:21 training: 85504 / 105000
20240729-01:45:22 training: 86016 / 105000
20240729-01:45:22 training: 86528 / 105000
20240729-01:45:22 training: 87040 / 105000
20240729-01:45:22 training: 87552 / 105000
20240729-01:45:22 training: 88064 / 105000
20240729-01:45:22 training: 88576 / 105000
20240729-01:45:23 training: 89088 / 105000
20240729-01:45:23 training: 89600 / 105000
20240729-01:45:23 training: 90112 / 105000
20240729-01:45:23 training: 90624 / 105000
20240729-01:45:23 training: 91136 / 105000
20240729-01:45:24 training: 91648 / 105000
20240729-01:45:24 training: 92160 / 105000
20240729-01:45:24 training: 92672 / 105000
20240729-01:45:24 training: 93184 / 105000
20240729-01:45:24 training: 93696 / 105000
20240729-01:45:24 training: 94208 / 105000
20240729-01:45:25 training: 94720 / 105000
20240729-01:45:25 training: 95232 / 105000
20240729-01:45:25 training: 95744 / 105000
20240729-01:45:25 training: 96256 / 105000
20240729-01:45:25 training: 96768 / 105000
20240729-01:45:26 training: 97280 / 105000
20240729-01:45:26 training: 97792 / 105000
20240729-01:45:26 training: 98304 / 105000
20240729-01:45:26 training: 98816 / 105000
20240729-01:45:26 training: 99328 / 105000
20240729-01:45:26 training: 99840 / 105000
20240729-01:45:27 training: 100352 / 105000
20240729-01:45:27 training: 100864 / 105000
20240729-01:45:27 training: 101376 / 105000
20240729-01:45:27 training: 101888 / 105000
20240729-01:45:27 training: 102400 / 105000
20240729-01:45:28 training: 102912 / 105000
20240729-01:45:28 training: 103424 / 105000
20240729-01:45:28 training: 103936 / 105000
20240729-01:45:28 training: 104448 / 105000
20240729-01:45:28 training: 104960 / 105000
20240729-01:45:28 training: 105000 / 105000
20240729-01:45:28     total_loss: 4.9295 time: 0m 39s
20240729-01:45:28 Test Epoch: 80 ...
20240729-01:45:51     ave: 99.1000
20240729-01:45:51 Saving checkpoint: 80
