20240731-02:23:38 Train Epoch: 72/76 ...
20240731-02:29:11     total_loss: 10.1457 time: 5m 33s
20240731-02:29:11 Test Epoch: 72 ...
20240731-02:29:22     ave: 98.6833
20240731-02:29:22 Saving checkpoint: 72
20240731-02:29:22 Train Epoch: 73/76 ...
20240731-02:34:55     total_loss: 8.6556 time: 5m 34s
20240731-02:34:55 Test Epoch: 73 ...
20240731-02:35:08     ave: 98.6000
20240731-02:35:08 Saving checkpoint: 73
20240731-02:35:08 Train Epoch: 74/76 ...
20240731-02:40:54     total_loss: 8.4110 time: 5m 46s
20240731-02:40:54 Test Epoch: 74 ...
20240731-02:41:07     ave: 98.8333
20240731-02:41:07 Saving checkpoint: 74
20240731-02:41:07 Train Epoch: 75/76 ...
20240731-02:46:52     total_loss: 8.2582 time: 5m 45s
20240731-02:46:52 Test Epoch: 75 ...
20240731-02:47:01     ave: 98.7500
20240731-02:47:01 Saving checkpoint: 75
20240731-02:47:02 Train Epoch: 76/76 ...
