20240731-21:05:10 Train Epoch: 76/81 ...
20240731-21:10:55     total_loss: 8.8884 time: 5m 45s
20240731-21:10:55 Test Epoch: 76 ...
20240731-21:11:08     ave: 99.6333
20240731-21:11:08 Saving checkpoint: 76
20240731-21:11:08 Train Epoch: 77/81 ...
20240731-21:16:56     total_loss: 7.9498 time: 5m 47s
20240731-21:16:56 Test Epoch: 77 ...
20240731-21:17:05     ave: 99.8167
20240731-21:17:05 Saving checkpoint: 77
20240731-21:17:05 Train Epoch: 78/81 ...
20240731-21:22:52     total_loss: 7.8333 time: 5m 47s
20240731-21:22:52 Test Epoch: 78 ...
20240731-21:23:06     ave: 99.9000
20240731-21:23:06 Saving checkpoint: 78
20240731-21:23:06 Train Epoch: 79/81 ...
20240731-21:28:56     total_loss: 7.7445 time: 5m 50s
20240731-21:28:56 Test Epoch: 79 ...
20240731-21:29:08     ave: 99.8667
20240731-21:29:08 Saving checkpoint: 79
20240731-21:29:08 Train Epoch: 80/81 ...
