20240729-22:12:15 Train Epoch: 73/77 ...
20240729-22:14:59     total_loss: 18.9267 time: 2m 44s
20240729-22:14:59 Test Epoch: 73 ...
20240729-22:15:18     ave: 98.8333
20240729-22:15:18 Saving checkpoint: 73
20240729-22:15:18 Train Epoch: 74/77 ...
20240729-22:18:01     total_loss: 11.9487 time: 2m 43s
20240729-22:18:01 Test Epoch: 74 ...
20240729-22:18:20     ave: 98.9333
20240729-22:18:20 Saving checkpoint: 74
20240729-22:18:21 Train Epoch: 75/77 ...
20240729-22:21:03     total_loss: 9.3900 time: 2m 43s
20240729-22:21:03 Test Epoch: 75 ...
20240729-22:21:23     ave: 98.9833
20240729-22:21:23 Saving checkpoint: 75
20240729-22:21:23 Train Epoch: 76/77 ...
20240729-22:24:06     total_loss: 8.0211 time: 2m 43s
20240729-22:24:06 Test Epoch: 76 ...
20240729-22:24:25     ave: 99.0667
20240729-22:24:25 Saving checkpoint: 76
20240729-22:24:25 Train Epoch: 77/77 ...
20240729-22:27:08     total_loss: 7.2221 time: 2m 43s
20240729-22:27:08 Test Epoch: 77 ...
20240729-22:27:28     ave: 98.9833
20240729-22:27:28 Saving checkpoint: 77
