20240729-18:21:27 Train Epoch: 70/80 ...
20240729-18:22:36     total_loss: 13.4035 time: 1m 9s
20240729-18:22:36 Test Epoch: 70 ...
20240729-18:22:56     ave: 98.7667
20240729-18:22:56 Saving checkpoint: 70
20240729-18:22:56 Train Epoch: 71/80 ...
20240729-18:24:04     total_loss: 6.8095 time: 1m 9s
20240729-18:24:04 Saving checkpoint: 71
20240729-18:24:04 Train Epoch: 72/80 ...
20240729-18:25:13     total_loss: 5.3189 time: 1m 9s
20240729-18:25:13 Test Epoch: 72 ...
20240729-18:25:31     ave: 98.6500
20240729-18:25:31 Saving checkpoint: 72
20240729-18:25:31 Train Epoch: 73/80 ...
20240729-18:26:41     total_loss: 4.6670 time: 1m 10s
20240729-18:26:41 Saving checkpoint: 73
20240729-18:26:41 Train Epoch: 74/80 ...
20240729-18:27:51     total_loss: 4.3055 time: 1m 9s
20240729-18:27:51 Test Epoch: 74 ...
20240729-18:28:10     ave: 98.6500
20240729-18:28:10 Saving checkpoint: 74
20240729-18:28:10 Train Epoch: 75/80 ...
20240729-18:29:21     total_loss: 4.0776 time: 1m 11s
20240729-18:29:21 Saving checkpoint: 75
20240729-18:29:21 Train Epoch: 76/80 ...
20240729-18:30:30     total_loss: 3.9148 time: 1m 9s
20240729-18:30:30 Test Epoch: 76 ...
20240729-18:30:49     ave: 98.8167
20240729-18:30:49 Saving checkpoint: 76
20240729-18:30:49 Train Epoch: 77/80 ...
20240729-18:32:00     total_loss: 3.7916 time: 1m 11s
20240729-18:32:00 Saving checkpoint: 77
20240729-18:32:00 Train Epoch: 78/80 ...
20240729-18:33:09     total_loss: 3.6854 time: 1m 9s
20240729-18:33:09 Test Epoch: 78 ...
20240729-18:33:28     ave: 98.7333
20240729-18:33:28 Saving checkpoint: 78
20240729-18:33:28 Train Epoch: 79/80 ...
